2023-11-01 21:35:00,698 [INFO] Activator:179 - 


2023-11-01 21:35:00,698 [INFO] Activator:180 - !SESSION log4j initialized
2023-11-01 21:35:27,329 [ERROR] ConfigurationRetriever:140 - IOException on connection: citools.st.com
2023-11-01 21:35:27,331 [ERROR] ConfigurationRetriever:140 - IOException on connection: citools.st.com
2023-11-01 21:35:27,331 [ERROR] ConfigurationRetriever:140 - IOException on connection: citools.st.com
2023-11-01 21:35:28,506 [ERROR] LogOutputStream:74 - [STDERR_REDIRECT] SLF4J: Failed to load class "org.slf4j.impl.StaticLoggerBinder".
2023-11-01 21:35:28,506 [ERROR] LogOutputStream:74 - [STDERR_REDIRECT] SLF4J: Defaulting to no-operation (NOP) logger implementation
2023-11-01 21:35:28,506 [ERROR] LogOutputStream:74 - [STDERR_REDIRECT] SLF4J: See http://www.slf4j.org/codes.html#StaticLoggerBinder for further details.
2023-11-01 21:38:10,181 [INFO] McuFinderGlobals:52 - Set McuFinder mode to 2 (CubeIDE integrated)
2023-11-01 21:38:10,462 [INFO] ApplicationProperties:181 - Using Application install path: C:\ST_ARM_IDE\STM32CubeIDE_1.11.2\STM32CubeIDE\plugins\com.st.stm32cube.common.mx_6.7.0.202301130839
2023-11-01 21:38:10,477 [INFO] DbMcusXml:77 - Set database path to: C:\ST_ARM_IDE\STM32CubeIDE_1.11.2\STM32CubeIDE\plugins\com.st.stm32cube.common.mx_6.7.0.202301130839\\db\/mcu/
2023-11-01 21:38:10,478 [INFO] ApiDb:273 - Set plugin database path to: C:\ST_ARM_IDE\STM32CubeIDE_1.11.2\STM32CubeIDE\plugins\com.st.stm32cube.common.mx_6.7.0.202301130839\\db\/plugins/boardmanager/
2023-11-01 21:38:10,480 [WARN] ApiDb:258 - Overriding images path with different value:  => C:\ST_ARM_IDE\STM32CubeIDE_1.11.2\STM32CubeIDE\plugins\com.st.stm32cube.common.mx_6.7.0.202301130839\\db\/plugins/mcufinder/images/
2023-11-01 21:38:12,263 [WARN] ApiFinderProperties:110 - C:\Users\Administrator\.stmcufinder\plugins\mcufinder\mcu\mcuFinder.mfd doesn't exist
2023-11-01 21:38:12,264 [INFO] ApiDb:249 - Set database path to: C:\Users\Administrator\.stmcufinder\plugins\mcufinder//mcu/
2023-11-01 21:38:12,265 [INFO] DbMcusAds:124 - Set database path to: C:\Users\Administrator\.stmcufinder\plugins\mcufinder//mcu/
2023-11-01 21:38:12,335 [INFO] CrossReferenceDbSqlite:202 - Set database path to: C:\Users\Administrator\.stmcufinder\plugins\mcufinder//mcu/cs/
2023-11-01 21:38:12,440 [INFO] RulesReader:61 - Compatibility file has been processed (283 Rules)
2023-11-01 21:38:12,529 [INFO] DbMcusXml:77 - Set database path to: C:\ST_ARM_IDE\STM32CubeIDE_1.11.2\STM32CubeIDE\plugins\com.st.stm32cube.common.mx_6.7.0.202301130839\\db\/mcu/
2023-11-01 21:38:12,529 [INFO] ApiDb:273 - Set plugin database path to: C:\ST_ARM_IDE\STM32CubeIDE_1.11.2\STM32CubeIDE\plugins\com.st.stm32cube.common.mx_6.7.0.202301130839\\db\/plugins/boardmanager/
2023-11-01 21:38:12,530 [INFO] ApiDb:260 - Set plugin images path to: C:\ST_ARM_IDE\STM32CubeIDE_1.11.2\STM32CubeIDE\plugins\com.st.stm32cube.common.mx_6.7.0.202301130839\\db\/plugins/mcufinder/images/
2023-11-01 21:38:12,530 [WARN] DbFile:40 - Overriding database path with different value: C:\Users\Administrator\.stmcufinder\plugins\mcufinder/ => C:\Users\Administrator\.stmcufinder\plugins\mcufinder
2023-11-01 21:38:12,530 [INFO] ApiDb:249 - Set database path to: C:\Users\Administrator\.stmcufinder\plugins\mcufinder//mcu/
2023-11-01 21:38:12,531 [WARN] DbFile:40 - Overriding database path with different value: C:\Users\Administrator\.stmcufinder\plugins\mcufinder/ => C:\Users\Administrator\.stmcufinder\plugins\mcufinder
2023-11-01 21:38:12,531 [INFO] DbMcusAds:124 - Set database path to: C:\Users\Administrator\.stmcufinder\plugins\mcufinder//mcu/
2023-11-01 21:38:12,532 [WARN] DbFile:40 - Overriding database path with different value: C:\Users\Administrator\.stmcufinder\plugins\mcufinder/ => C:\Users\Administrator\.stmcufinder\plugins\mcufinder
2023-11-01 21:38:12,532 [WARN] DbFile:40 - Overriding database path with different value: C:\Users\Administrator\.stmcufinder\plugins\mcufinder/ => C:\Users\Administrator\.stmcufinder\plugins\mcufinder
2023-11-01 21:38:12,532 [INFO] CrossReferenceDbSqlite:202 - Set database path to: C:\Users\Administrator\.stmcufinder\plugins\mcufinder//mcu/cs/
2023-11-01 21:38:12,632 [INFO] MainPanel:252 - HeapMemory: 472907776
2023-11-01 21:38:12,715 [INFO] DbMcusXml:77 - Set database path to: C:\ST_ARM_IDE\STM32CubeIDE_1.11.2\STM32CubeIDE\plugins\com.st.stm32cube.common.mx_6.7.0.202301130839\\db\/mcu/
2023-11-01 21:38:12,715 [INFO] ApiDb:273 - Set plugin database path to: C:\ST_ARM_IDE\STM32CubeIDE_1.11.2\STM32CubeIDE\plugins\com.st.stm32cube.common.mx_6.7.0.202301130839\\db\/plugins/boardmanager/
2023-11-01 21:38:12,715 [INFO] ApiDb:260 - Set plugin images path to: C:\ST_ARM_IDE\STM32CubeIDE_1.11.2\STM32CubeIDE\plugins\com.st.stm32cube.common.mx_6.7.0.202301130839\\db\/plugins/mcufinder/images/
2023-11-01 21:38:12,716 [WARN] DbFile:40 - Overriding database path with different value: C:\Users\Administrator\.stmcufinder\plugins\mcufinder/ => C:\Users\Administrator\.stmcufinder\plugins\mcufinder
2023-11-01 21:38:12,716 [INFO] ApiDb:249 - Set database path to: C:\Users\Administrator\.stmcufinder\plugins\mcufinder//mcu/
2023-11-01 21:38:12,716 [WARN] DbFile:40 - Overriding database path with different value: C:\Users\Administrator\.stmcufinder\plugins\mcufinder/ => C:\Users\Administrator\.stmcufinder\plugins\mcufinder
2023-11-01 21:38:12,716 [INFO] DbMcusAds:124 - Set database path to: C:\Users\Administrator\.stmcufinder\plugins\mcufinder//mcu/
2023-11-01 21:38:12,716 [WARN] DbFile:40 - Overriding database path with different value: C:\Users\Administrator\.stmcufinder\plugins\mcufinder/ => C:\Users\Administrator\.stmcufinder\plugins\mcufinder
2023-11-01 21:38:12,716 [WARN] DbFile:40 - Overriding database path with different value: C:\Users\Administrator\.stmcufinder\plugins\mcufinder/ => C:\Users\Administrator\.stmcufinder\plugins\mcufinder
2023-11-01 21:38:12,717 [INFO] CrossReferenceDbSqlite:202 - Set database path to: C:\Users\Administrator\.stmcufinder\plugins\mcufinder//mcu/cs/
2023-11-01 21:38:12,737 [INFO] ApplicationProperties:181 - Using Application install path: C:\ST_ARM_IDE\STM32CubeIDE_1.11.2\STM32CubeIDE\plugins\com.st.stm32cube.common.mx_6.7.0.202301130839
2023-11-01 21:38:12,738 [INFO] PluginManage:193 - Search for loadable plugins [exclusion list=, ]
2023-11-01 21:38:12,740 [INFO] PluginManage:307 - Check plugin analytics
2023-11-01 21:38:12,897 [INFO] AnalyticsPlugin:262 - Accepted Software Licenses: 
2023-11-01 21:38:12,899 [INFO] AnalyticsPlugin:264 - Accepted CMSIS Pack Licenses: 
2023-11-01 21:38:12,899 [INFO] AnalyticsPlugin:266 - Accepted Firmware Licenses: 
2023-11-01 21:38:12,919 [INFO] PluginManage:356 - Loaded plugin analytics (category:tool,tabindex:-1)
2023-11-01 21:38:12,920 [INFO] PluginManage:307 - Check plugin cadmodel
2023-11-01 21:38:12,924 [INFO] CADModel:104 - Init CAD model plugin
2023-11-01 21:38:12,924 [INFO] PluginManage:356 - Loaded plugin cadmodel (category:power,tabindex:5)
2023-11-01 21:38:12,924 [INFO] PluginManage:307 - Check plugin clock
2023-11-01 21:38:12,933 [INFO] PluginManage:356 - Loaded plugin clock (category:base,tabindex:2)
2023-11-01 21:38:12,933 [INFO] PluginManage:307 - Check plugin ddr
2023-11-01 21:38:12,935 [INFO] PluginManage:356 - Loaded plugin ddr (category:tool,tabindex:6)
2023-11-01 21:38:12,935 [INFO] PluginManage:307 - Check plugin filemanager
2023-11-01 21:38:13,067 [INFO] PluginManage:356 - Loaded plugin filemanager (category:base,tabindex:10)
2023-11-01 21:38:13,067 [INFO] PluginManage:307 - Check plugin ipmanager
2023-11-01 21:38:13,076 [INFO] PluginManage:356 - Loaded plugin ipmanager (category:base,tabindex:5)
2023-11-01 21:38:13,076 [INFO] PluginManage:307 - Check plugin lpbam
2023-11-01 21:38:13,085 [INFO] PluginManage:356 - Loaded plugin lpbam (category:base,tabindex:0)
2023-11-01 21:38:13,085 [INFO] PluginManage:307 - Check plugin pinoutandconfiguration
2023-11-01 21:38:13,094 [INFO] PluginManage:356 - Loaded plugin pinoutandconfiguration (category:base,tabindex:1)
2023-11-01 21:38:13,095 [INFO] PluginManage:307 - Check plugin pinoutconfig
2023-11-01 21:38:13,126 [INFO] PluginManage:356 - Loaded plugin pinoutconfig (category:base,tabindex:0)
2023-11-01 21:38:13,126 [INFO] PluginManage:307 - Check plugin power
2023-11-01 21:38:13,134 [INFO] PluginManage:356 - Loaded plugin power (category:power,tabindex:4)
2023-11-01 21:38:13,135 [INFO] PluginManage:307 - Check plugin projectmanager
2023-11-01 21:38:13,151 [INFO] PluginManage:356 - Loaded plugin projectmanager (category:projectmanager,tabindex:3)
2023-11-01 21:38:13,151 [INFO] PluginManage:307 - Check plugin thirdparty
2023-11-01 21:38:13,272 [WARN] IntegrityCheckThread:82 - waiting for thirdparty lock release [integrity check]
2023-11-01 21:38:13,273 [INFO] PluginManage:356 - Loaded plugin thirdparty (category:base,tabindex:-1)
2023-11-01 21:38:13,273 [INFO] IntegrityCheckThread:84 - entering critical section [integrity check]
2023-11-01 21:38:13,273 [INFO] PluginManage:307 - Check plugin tools
2023-11-01 21:38:13,276 [INFO] ThirdPartyUpdaterWithRetryManager:70 - Updater plugin not ready yet. [1/15]
2023-11-01 21:38:13,277 [INFO] PluginManage:356 - Loaded plugin tools (category:base,tabindex:7)
2023-11-01 21:38:13,277 [INFO] PluginManage:307 - Check plugin tutovideos
2023-11-01 21:38:13,507 [INFO] PluginManage:356 - Loaded plugin tutovideos (category:base,tabindex:-1)
2023-11-01 21:38:13,508 [INFO] PluginManage:307 - Check plugin updater
2023-11-01 21:38:13,522 [INFO] PluginManage:356 - Loaded plugin updater (category:base,tabindex:12)
2023-11-01 21:38:13,523 [INFO] PluginManage:280 - PluginManage : Loaded plugins [15]
2023-11-01 21:38:13,856 [INFO] PinOutPanel:1477 - setPackage(No Configuration,No Configuration)
2023-11-01 21:38:13,930 [INFO] CADModel:164 - CPN selected for project level
2023-11-01 21:38:13,930 [INFO] CADModel:113 - Register for checkConnection events
2023-11-01 21:38:13,947 [INFO] IPUIPlugin:79 - create IPUIPlugin
2023-11-01 21:38:13,948 [INFO] PluginManager:219 - loadIPPluginJar : add adc
2023-11-01 21:38:13,950 [INFO] IPUIPlugin:79 - create IPUIPlugin
2023-11-01 21:38:13,951 [INFO] PluginManager:219 - loadIPPluginJar : add aes
2023-11-01 21:38:13,954 [INFO] IPUIPlugin:79 - create IPUIPlugin
2023-11-01 21:38:13,954 [INFO] PluginManager:219 - loadIPPluginJar : add can
2023-11-01 21:38:13,956 [INFO] IPUIPlugin:79 - create IPUIPlugin
2023-11-01 21:38:13,956 [INFO] PluginManager:219 - loadIPPluginJar : add comp
2023-11-01 21:38:13,960 [INFO] IPUIPlugin:79 - create IPUIPlugin
2023-11-01 21:38:13,961 [INFO] PluginManager:219 - loadIPPluginJar : add cryp
2023-11-01 21:38:13,964 [INFO] IPUIPlugin:79 - create IPUIPlugin
2023-11-01 21:38:13,964 [INFO] PluginManager:219 - loadIPPluginJar : add dfsdm
2023-11-01 21:38:13,970 [INFO] IPUIPlugin:79 - create IPUIPlugin
2023-11-01 21:38:13,970 [INFO] PluginManager:219 - loadIPPluginJar : add dma
2023-11-01 21:38:13,973 [INFO] IPUIPlugin:79 - create IPUIPlugin
2023-11-01 21:38:13,973 [INFO] PluginManager:219 - loadIPPluginJar : add dma3
2023-11-01 21:38:13,975 [INFO] IPUIPlugin:79 - create IPUIPlugin
2023-11-01 21:38:13,975 [INFO] PluginManager:219 - loadIPPluginJar : add fatfs
2023-11-01 21:38:13,980 [INFO] IPUIPlugin:79 - create IPUIPlugin
2023-11-01 21:38:13,980 [INFO] PluginManager:219 - loadIPPluginJar : add fmc
2023-11-01 21:38:13,985 [INFO] IPUIPlugin:79 - create IPUIPlugin
2023-11-01 21:38:13,986 [INFO] PluginManager:219 - loadIPPluginJar : add freertos
2023-11-01 21:38:13,987 [INFO] IPUIPlugin:79 - create IPUIPlugin
2023-11-01 21:38:13,988 [INFO] PluginManager:219 - loadIPPluginJar : add genericplugin
2023-11-01 21:38:13,990 [INFO] IPUIPlugin:79 - create IPUIPlugin
2023-11-01 21:38:13,990 [INFO] PluginManager:219 - loadIPPluginJar : add gfxmmu
2023-11-01 21:38:13,996 [INFO] IPUIPlugin:79 - create IPUIPlugin
2023-11-01 21:38:13,997 [INFO] PluginManager:219 - loadIPPluginJar : add gic
2023-11-01 21:38:14,001 [INFO] IPUIPlugin:79 - create IPUIPlugin
2023-11-01 21:38:14,002 [INFO] PluginManager:219 - loadIPPluginJar : add gpio
2023-11-01 21:38:14,005 [INFO] IPUIPlugin:79 - create IPUIPlugin
2023-11-01 21:38:14,005 [INFO] PluginManager:219 - loadIPPluginJar : add gtzc
2023-11-01 21:38:14,008 [INFO] IPUIPlugin:79 - create IPUIPlugin
2023-11-01 21:38:14,008 [INFO] PluginManager:219 - loadIPPluginJar : add hash
2023-11-01 21:38:14,011 [INFO] IPUIPlugin:79 - create IPUIPlugin
2023-11-01 21:38:14,011 [INFO] PluginManager:219 - loadIPPluginJar : add i2c
2023-11-01 21:38:14,014 [INFO] IPUIPlugin:79 - create IPUIPlugin
2023-11-01 21:38:14,014 [INFO] PluginManager:219 - loadIPPluginJar : add i2s
2023-11-01 21:38:14,018 [INFO] IPUIPlugin:79 - create IPUIPlugin
2023-11-01 21:38:14,018 [INFO] PluginManager:219 - loadIPPluginJar : add ipddr
2023-11-01 21:38:14,026 [INFO] IPUIPlugin:79 - create IPUIPlugin
2023-11-01 21:38:14,027 [INFO] PluginManager:219 - loadIPPluginJar : add linkedlist
2023-11-01 21:38:14,030 [INFO] IPUIPlugin:79 - create IPUIPlugin
2023-11-01 21:38:14,031 [INFO] PluginManager:219 - loadIPPluginJar : add lorawan
2023-11-01 21:38:14,032 [INFO] IPUIPlugin:79 - create IPUIPlugin
2023-11-01 21:38:14,033 [INFO] PluginManager:219 - loadIPPluginJar : add ltdc
2023-11-01 21:38:14,039 [INFO] IPUIPlugin:79 - create IPUIPlugin
2023-11-01 21:38:14,040 [INFO] PluginManager:219 - loadIPPluginJar : add mdma
2023-11-01 21:38:14,043 [INFO] IPUIPlugin:79 - create IPUIPlugin
2023-11-01 21:38:14,043 [INFO] PluginManager:219 - loadIPPluginJar : add nvic
2023-11-01 21:38:14,046 [INFO] IPUIPlugin:79 - create IPUIPlugin
2023-11-01 21:38:14,046 [INFO] PluginManager:219 - loadIPPluginJar : add opamp
2023-11-01 21:38:14,049 [INFO] IPUIPlugin:79 - create IPUIPlugin
2023-11-01 21:38:14,050 [INFO] PluginManager:219 - loadIPPluginJar : add openamp
2023-11-01 21:38:14,053 [INFO] IPUIPlugin:79 - create IPUIPlugin
2023-11-01 21:38:14,053 [INFO] PluginManager:219 - loadIPPluginJar : add pdm2pcm
2023-11-01 21:38:14,060 [INFO] IPUIPlugin:79 - create IPUIPlugin
2023-11-01 21:38:14,064 [INFO] PluginManager:219 - loadIPPluginJar : add plateformsettings
2023-11-01 21:38:14,066 [INFO] IPUIPlugin:79 - create IPUIPlugin
2023-11-01 21:38:14,066 [INFO] PluginManager:219 - loadIPPluginJar : add quadspi
2023-11-01 21:38:14,070 [INFO] IPUIPlugin:79 - create IPUIPlugin
2023-11-01 21:38:14,070 [INFO] PluginManager:219 - loadIPPluginJar : add resmgrutility
2023-11-01 21:38:14,073 [INFO] IPUIPlugin:79 - create IPUIPlugin
2023-11-01 21:38:14,074 [INFO] PluginManager:219 - loadIPPluginJar : add sai
2023-11-01 21:38:14,076 [INFO] IPUIPlugin:79 - create IPUIPlugin
2023-11-01 21:38:14,077 [INFO] PluginManager:219 - loadIPPluginJar : add spi
2023-11-01 21:38:14,081 [INFO] IPUIPlugin:79 - create IPUIPlugin
2023-11-01 21:38:14,082 [INFO] PluginManager:219 - loadIPPluginJar : add stm32_wpan
2023-11-01 21:38:14,084 [INFO] IPUIPlugin:79 - create IPUIPlugin
2023-11-01 21:38:14,084 [INFO] PluginManager:219 - loadIPPluginJar : add tim
2023-11-01 21:38:14,087 [INFO] IPUIPlugin:79 - create IPUIPlugin
2023-11-01 21:38:14,087 [INFO] PluginManager:219 - loadIPPluginJar : add touchsensing
2023-11-01 21:38:14,090 [INFO] IPUIPlugin:79 - create IPUIPlugin
2023-11-01 21:38:14,090 [INFO] PluginManager:219 - loadIPPluginJar : add tracer_emb
2023-11-01 21:38:14,092 [INFO] IPUIPlugin:79 - create IPUIPlugin
2023-11-01 21:38:14,092 [INFO] PluginManager:219 - loadIPPluginJar : add ts
2023-11-01 21:38:14,094 [INFO] IPUIPlugin:79 - create IPUIPlugin
2023-11-01 21:38:14,094 [INFO] PluginManager:219 - loadIPPluginJar : add tsc
2023-11-01 21:38:14,096 [INFO] IPUIPlugin:79 - create IPUIPlugin
2023-11-01 21:38:14,096 [INFO] PluginManager:219 - loadIPPluginJar : add ucpd
2023-11-01 21:38:14,099 [INFO] IPUIPlugin:79 - create IPUIPlugin
2023-11-01 21:38:14,099 [INFO] PluginManager:219 - loadIPPluginJar : add usart
2023-11-01 21:38:14,102 [INFO] IPUIPlugin:79 - create IPUIPlugin
2023-11-01 21:38:14,102 [INFO] PluginManager:219 - loadIPPluginJar : add usbx
2023-11-01 21:38:14,245 [INFO] CADModel:164 - CPN selected for project level
2023-11-01 21:38:14,245 [INFO] CADModel:113 - Register for checkConnection events
2023-11-01 21:38:14,245 [FATAL] Updater:308 - Updater called before beeing initialized
2023-11-01 21:38:14,245 [ERROR] CADModel:124 - Updater not yet initialized, retry later 
2023-11-01 21:38:14,424 [INFO] CADModel:164 - CPN selected for project level
2023-11-01 21:38:14,424 [INFO] CADModel:113 - Register for checkConnection events
2023-11-01 21:38:14,424 [FATAL] Updater:308 - Updater called before beeing initialized
2023-11-01 21:38:14,424 [ERROR] CADModel:124 - Updater not yet initialized, retry later 
2023-11-01 21:38:14,428 [FATAL] Updater:308 - Updater called before beeing initialized
2023-11-01 21:38:14,546 [FATAL] Updater:308 - Updater called before beeing initialized
2023-11-01 21:38:14,553 [INFO] DbMcusAds:52 - JSON generation date=Thu Sep 30 08:55:09 EET 2021 (1632984909247)
2023-11-01 21:38:14,553 [FATAL] Updater:308 - Updater called before beeing initialized
2023-11-01 21:38:14,597 [WARN] DetailPanel:344 - Failed to get advertising image, set to default
2023-11-01 21:38:14,764 [FATAL] Updater:308 - Updater called before beeing initialized
2023-11-01 21:38:14,766 [FATAL] Updater:308 - Updater called before beeing initialized
2023-11-01 21:38:14,766 [FATAL] Updater:308 - Updater called before beeing initialized
2023-11-01 21:38:14,767 [WARN] DetailPanel:344 - Failed to get advertising image, set to default
2023-11-01 21:38:14,768 [FATAL] Updater:308 - Updater called before beeing initialized
2023-11-01 21:38:14,828 [ERROR] Updater:1120 - MainUpdater not yet initialized. External WinMGr cannot be set.
2023-11-01 21:38:14,830 [INFO] Updater:1056 - Updater Version found : 6.7.0
2023-11-01 21:38:14,848 [INFO] ApplicationProperties:181 - Using Application install path: C:\ST_ARM_IDE\STM32CubeIDE_1.11.2\STM32CubeIDE\plugins\com.st.stm32cube.common.mx_6.7.0.202301130839
2023-11-01 21:38:14,881 [INFO] MainUpdater:518 - Copy updater definitions from MX database
2023-11-01 21:38:14,925 [INFO] MainUpdater:551 - Copy flag file definitions from MX database
2023-11-01 21:38:14,926 [INFO] MainUpdater:567 - Copy thirdparty index definitions from MX database
2023-11-01 21:38:14,928 [INFO] MainUpdater:586 - Copy default thirdparty db definitions from MX database
2023-11-01 21:38:15,109 [INFO] MainUpdater:2800 - connection check result : 10
2023-11-01 21:38:15,109 [INFO] MainUpdater:3494 - Updater definition file requires update
2023-11-01 21:38:15,111 [INFO] MainUpdater:282 - Updater Check For Update Now.
2023-11-01 21:38:15,111 [INFO] MicroXplorer:481 - Change Database Version : DB.6.0.70
2023-11-01 21:38:15,375 [INFO] ServerAccessManage:474 - Download File updaters.zip
2023-11-01 21:38:15,495 [INFO] FileExtend:239 - Unzip File : updaters.zip
2023-11-01 21:38:15,496 [INFO] FileExtend:254 - Standard Zip Deflate
2023-11-01 21:38:16,094 [INFO] ServerAccessManage:474 - Download File PacksControlFlags.xml
2023-11-01 21:38:16,282 [WARN] MainUpdater:1186 - Updater busy. Cannot search thirdparties
2023-11-01 21:38:16,282 [INFO] ThirdPartyUpdaterWithRetryManager:96 - Updater plugin is busy. [1/15]
2023-11-01 21:38:16,359 [INFO] ServerAccessManage:474 - Download File cubemx.pidx
2023-11-01 21:38:16,771 [INFO] ServerAccessManage:474 - Download File STMicroelectronics.FP-ATR-ASTRA1.pdsc
2023-11-01 21:38:17,877 [INFO] ServerAccessManage:474 - Download File STMicroelectronics.FP-ATR-SIGFOX1.pdsc
2023-11-01 21:38:18,458 [INFO] ServerAccessManage:474 - Download File STMicroelectronics.FP-SNS-FLIGHT1.pdsc
2023-11-01 21:38:19,182 [INFO] ServerAccessManage:474 - Download File STMicroelectronics.FP-SNS-MOTENV1.pdsc
2023-11-01 21:38:19,287 [WARN] MainUpdater:1186 - Updater busy. Cannot search thirdparties
2023-11-01 21:38:19,287 [INFO] ThirdPartyUpdaterWithRetryManager:96 - Updater plugin is busy. [2/15]
2023-11-01 21:38:20,039 [INFO] ServerAccessManage:474 - Download File STMicroelectronics.FP-SNS-SMARTAG2.pdsc
2023-11-01 21:38:20,527 [INFO] ServerAccessManage:474 - Download File STMicroelectronics.X-CUBE-AI.pdsc
2023-11-01 21:38:22,291 [WARN] MainUpdater:1186 - Updater busy. Cannot search thirdparties
2023-11-01 21:38:22,291 [INFO] ThirdPartyUpdaterWithRetryManager:96 - Updater plugin is busy. [3/15]
2023-11-01 21:38:24,043 [INFO] ServerAccessManage:474 - Download File STMicroelectronics.X-CUBE-ALS.pdsc
2023-11-01 21:38:24,840 [INFO] ServerAccessManage:474 - Download File STMicroelectronics.X-CUBE-BLE1.pdsc
2023-11-01 21:38:25,295 [WARN] MainUpdater:1186 - Updater busy. Cannot search thirdparties
2023-11-01 21:38:25,295 [INFO] ThirdPartyUpdaterWithRetryManager:96 - Updater plugin is busy. [4/15]
2023-11-01 21:38:27,548 [ERROR] ServerAccessManage:1090 - Problem, file not found on Server
2023-11-01 21:38:27,861 [INFO] ServerAccessManage:474 - Download File STMicroelectronics.X-CUBE-BLE2.pdsc
2023-11-01 21:38:28,299 [WARN] MainUpdater:1186 - Updater busy. Cannot search thirdparties
2023-11-01 21:38:28,299 [INFO] ThirdPartyUpdaterWithRetryManager:96 - Updater plugin is busy. [5/15]
2023-11-01 21:38:30,441 [INFO] ServerAccessManage:474 - Download File STMicroelectronics.X-CUBE-BLEMGR.pdsc
2023-11-01 21:38:31,303 [WARN] MainUpdater:1186 - Updater busy. Cannot search thirdparties
2023-11-01 21:38:31,303 [INFO] ThirdPartyUpdaterWithRetryManager:96 - Updater plugin is busy. [6/15]
2023-11-01 21:38:31,942 [INFO] ServerAccessManage:474 - Download File STMicroelectronics.X-CUBE-DISPLAY.pdsc
2023-11-01 21:38:33,519 [INFO] ServerAccessManage:474 - Download File STMicroelectronics.X-CUBE-EEPRMA1.pdsc
2023-11-01 21:38:34,220 [ERROR] ServerAccessManage:1090 - Problem, file not found on Server
2023-11-01 21:38:34,308 [WARN] MainUpdater:1186 - Updater busy. Cannot search thirdparties
2023-11-01 21:38:34,308 [INFO] ThirdPartyUpdaterWithRetryManager:96 - Updater plugin is busy. [7/15]
2023-11-01 21:38:35,128 [INFO] ServerAccessManage:474 - Download File STMicroelectronics.X-CUBE-FREERTOS.pdsc
2023-11-01 21:38:35,711 [INFO] MainUpdater:2800 - connection check result : 10
2023-11-01 21:38:35,790 [INFO] ServerAccessManage:474 - Download File STMicroelectronics.X-CUBE-GNSS1.pdsc
2023-11-01 21:38:37,312 [WARN] MainUpdater:1186 - Updater busy. Cannot search thirdparties
2023-11-01 21:38:37,312 [INFO] ThirdPartyUpdaterWithRetryManager:96 - Updater plugin is busy. [8/15]
2023-11-01 21:38:38,023 [ERROR] ServerAccessManage:1090 - Problem, file not found on Server
2023-11-01 21:38:38,336 [ERROR] ServerAccessManage:1090 - Problem, file not found on Server
2023-11-01 21:38:38,597 [ERROR] ServerAccessManage:1090 - Problem, file not found on Server
2023-11-01 21:38:38,859 [ERROR] ServerAccessManage:1090 - Problem, file not found on Server
2023-11-01 21:38:39,143 [ERROR] ServerAccessManage:1090 - Problem, file not found on Server
2023-11-01 21:38:39,414 [ERROR] ServerAccessManage:1090 - Problem, file not found on Server
2023-11-01 21:38:39,503 [INFO] ServerAccessManage:474 - Download File STMicroelectronics.X-CUBE-ISPU.pdsc
2023-11-01 21:38:39,990 [INFO] ServerAccessManage:474 - Download File STMicroelectronics.X-CUBE-MEMS1.pdsc
2023-11-01 21:38:40,323 [WARN] MainUpdater:1186 - Updater busy. Cannot search thirdparties
2023-11-01 21:38:40,323 [INFO] ThirdPartyUpdaterWithRetryManager:96 - Updater plugin is busy. [9/15]
2023-11-01 21:38:43,334 [WARN] MainUpdater:1186 - Updater busy. Cannot search thirdparties
2023-11-01 21:38:43,334 [INFO] ThirdPartyUpdaterWithRetryManager:96 - Updater plugin is busy. [10/15]
2023-11-01 21:38:46,340 [WARN] MainUpdater:1186 - Updater busy. Cannot search thirdparties
2023-11-01 21:38:46,340 [INFO] ThirdPartyUpdaterWithRetryManager:96 - Updater plugin is busy. [11/15]
2023-11-01 21:38:47,366 [INFO] ServerAccessManage:474 - Download File STMicroelectronics.X-CUBE-NFC4.pdsc
2023-11-01 21:38:49,358 [WARN] MainUpdater:1186 - Updater busy. Cannot search thirdparties
2023-11-01 21:38:49,358 [INFO] ThirdPartyUpdaterWithRetryManager:96 - Updater plugin is busy. [12/15]
2023-11-01 21:38:50,616 [INFO] ServerAccessManage:474 - Download File STMicroelectronics.X-CUBE-NFC6.pdsc
2023-11-01 21:38:51,043 [INFO] ServerAccessManage:474 - Download File STMicroelectronics.X-CUBE-NFC7.pdsc
2023-11-01 21:38:51,557 [INFO] ServerAccessManage:474 - Download File STMicroelectronics.X-CUBE-SFXS2LP1.pdsc
2023-11-01 21:38:52,373 [WARN] MainUpdater:1186 - Updater busy. Cannot search thirdparties
2023-11-01 21:38:52,373 [INFO] ThirdPartyUpdaterWithRetryManager:96 - Updater plugin is busy. [13/15]
2023-11-01 21:38:52,477 [INFO] ServerAccessManage:474 - Download File STMicroelectronics.X-CUBE-SUBG2.pdsc
2023-11-01 21:38:54,403 [INFO] ServerAccessManage:474 - Download File STMicroelectronics.X-CUBE-SMBUS.pdsc
2023-11-01 21:38:54,942 [ERROR] ServerAccessManage:1090 - Problem, file not found on Server
2023-11-01 21:38:55,132 [INFO] ServerAccessManage:474 - Download File STMicroelectronics.X-CUBE-TOF1.pdsc
2023-11-01 21:38:55,385 [WARN] MainUpdater:1186 - Updater busy. Cannot search thirdparties
2023-11-01 21:38:55,385 [INFO] ThirdPartyUpdaterWithRetryManager:96 - Updater plugin is busy. [14/15]
2023-11-01 21:38:56,532 [INFO] ApiDb:580 - Connected to CubeFinder SQLite database (C:\Users\Administrator\.stmcufinder\plugins\mcufinder\mcu\cube-finder-db.db)
2023-11-01 21:38:56,606 [INFO] ApiDb:667 - CubeFinder database Data Model version=2.1
2023-11-01 21:38:56,606 [INFO] ApiDb:668 - CubeFinder database Configuration version=3.0.35
2023-11-01 21:38:56,606 [INFO] ApiDb:669 - CubeFinder database generation date=2023-01-11 (1673424164)
2023-11-01 21:38:56,607 [INFO] ApiDb:670 - CubeFinder database FW Pack versions=[FP-ATR-ASTRA1_V1.1.1, STM32Cube_FW_C0_V1.0.0, STM32Cube_FW_F4_V1.27.1, STM32Cube_FW_F7_V1.17.0, STM32Cube_FW_G0_V1.6.1, STM32Cube_FW_G4_V1.5.0, STM32Cube_FW_H5_V0.5.1, STM32Cube_FW_H7_V1.11.0, STM32Cube_FW_L5_V1.5.0, STM32Cube_FW_U5_V1.1.1, STM32Cube_FW_WBA_V0.2.0, STM32Cube_FW_WB_V1.15.0, STM32Cube_FW_WB_V1.15.0RC1, STM32Cube_FW_WL_V1.3.0, X-CUBE-ALGOBUILD_V1.3.0, X-CUBE-ALS_V1.0.1, X-CUBE-AZRTOS-F4_V1.1.0, X-CUBE-AZRTOS-F7_V1.1.0, X-CUBE-AZRTOS-G0_V1.1.0, X-CUBE-AZRTOS-G4_V1.0.0, X-CUBE-AZRTOS-H7_V2.1.0, X-CUBE-AZRTOS-L4_V1.0.0, X-CUBE-AZRTOS-L5_V1.0.0, X-CUBE-AZRTOS-WL_V1.0.0, X-CUBE-BLE1_V6.2.4, X-CUBE-BLE2_V3.3.0, X-CUBE-BLEMGR_V1.3.0, X-CUBE-EEPRMA1_V4.1.0, X-CUBE-GNSS1_V6.0.0, X-CUBE-MEMS1_V9.1.0, X-CUBE-MEMS1_V9.3.0, X-CUBE-MEMS1_V9.4.0, X-CUBE-NFC4_V3.0.0, X-CUBE-NFC7_V1.0.0, X-CUBE-SFXS2LP1_V4.0.0, X-CUBE-SUBG2_V5.0.0]
2023-11-01 21:38:56,628 [ERROR] ServerAccessManage:1090 - Problem, file not found on Server
2023-11-01 21:38:56,910 [INFO] ServerAccessManage:474 - Download File STMicroelectronics.X-CUBE-TOUCHGFX.pdsc
2023-11-01 21:38:58,399 [WARN] MainUpdater:1186 - Updater busy. Cannot search thirdparties
2023-11-01 21:38:58,399 [INFO] ThirdPartyUpdaterWithRetryManager:96 - Updater plugin is busy. [15/15]
2023-11-01 21:38:58,400 [ERROR] IntegrityCheckThread:128 - Cannot retrieve database content from updater: error -1
2023-11-01 21:38:58,400 [INFO] ThirdParty:947 - Integrity check success = false
2023-11-01 21:38:58,400 [INFO] IntegrityCheckThread:98 - exiting critical section [integrity check]
2023-11-01 21:38:58,400 [INFO] IntegrityCheckThread:101 - End integrity checks thread
2023-11-01 21:38:58,773 [INFO] ApiDb:239 - Found 143 in-development CPN: [B-WB1M-WPAN1, B-WL5M-SUBG1, NUCLEO-C031C6, STEVAL-PROTEUS1, STEVAL-STWINBX1, STM320518-EVAL, STM32C0116-DK, STM32C011D6Y3TR, STM32C011D6Y6TR, STM32C011F4P3, STM32C011F4P6, STM32C011F4U3, STM32C011F4U6TR, STM32C011F6P3, STM32C011F6P6, STM32C011F6U3, STM32C011F6U6TR, STM32C011J4M3, STM32C011J4M6, STM32C011J6M3, STM32C011J6M6, STM32C0316-DK, STM32C031C4T3, STM32C031C4T6, STM32C031C4U3, STM32C031C4U6, STM32C031C6T3, STM32C031C6T6, STM32C031C6U3, STM32C031C6U6, STM32C031F4P3, STM32C031F4P6, STM32C031F6P3, STM32C031F6P6, STM32C031G4U3, STM32C031G4U6, STM32C031G6U3, STM32C031G6U6, STM32C031K4T3, STM32C031K4T6, STM32C031K4U3, STM32C031K4U6, STM32C031K6T3, STM32C031K6T6, STM32C031K6U3, STM32C031K6U6, STM32G071K8TXN, STM32G071K8UXN, STM32G081GBU6N, STM32G081KBT6N, STM32G081KBUXN, STM32G0B1CCT6N, STM32G0B1KCT6, STM32G0B1NEY6TR, STM32G0B1RCT6N, STM32G0C1CCT6, STM32G0C1CCT6N, STM32G0C1CCU6N, STM32G0C1CET6N, STM32G0C1CEU6N, STM32G0C1KCT6, STM32G0C1NEY6TR, STM32G0C1RCI6N, STM32G0C1RCT6N, STM32G0C1REI6N, STM32G0C1RET6N, STM32G0C1VCI6, STM32G0C1VEI6, STM32G471CCT6, STM32G471CCU6, STM32G471CET3, STM32G471CET6, STM32G471CEU3, STM32G471CEU6, STM32G471MCT6, STM32G471MET3, STM32G471MET6, STM32G471MEY6TR, STM32G471QCT6, STM32G471QET3, STM32G471RCT6, STM32G471RET3, STM32G471RET6, STM32G471VCH6, STM32G471VCI6, STM32G471VCT6, STM32G471VEH3, STM32G471VEH6, STM32G471VEI3, STM32G471VEI6, STM32G471VET3, STM32G471VET6, STM32G474CCT6, STM32L476VGY6PTR, STM32L4R5QGI6STR, STM32MP131AAE3, STM32MP131AAF3, STM32MP131AAG3, STM32MP131CAE3, STM32MP131CAF3, STM32MP131CAG3, STM32MP131DAE7, STM32MP131DAF7, STM32MP131DAG7, STM32MP131FAE7, STM32MP131FAF7, STM32MP131FAG7, STM32MP133AAE3, STM32MP133AAF3, STM32MP133AAG3, STM32MP133CAE3, STM32MP133CAF3, STM32MP133CAG3, STM32MP133DAE7, STM32MP133DAF7, STM32MP133DAG7, STM32MP133FAE7, STM32MP133FAF7, STM32MP133FAG7, STM32MP135AAE3, STM32MP135AAF3, STM32MP135AAG3, STM32MP135CAE3, STM32MP135CAF3, STM32MP135CAG3, STM32MP135DAE7, STM32MP135DAF7, STM32MP135DAG7, STM32MP135F-DK, STM32MP135FAE7, STM32MP135FAF7, STM32MP135FAF7T, STM32MP135FAF7U, STM32MP135FAG7, STM32U595ZJT6Q, STM32U599BJY6QTR, STM32U599NIH6Q, STM32U599NJH6Q, STM32U5A5ZJT6Q, STM32U5A9BJY6QTR, STM32U5A9NJH6Q, STM32WB1MMCH6, STM32WL5MOCH6TR]
2023-11-01 21:38:58,778 [INFO] DbMcus:215 - Found 3582 MCUs, 3582 are supported
2023-11-01 21:38:58,779 [INFO] ApiDb:413 - User favorites file not found: C:\Users\Administrator/.stm32cubeide/favorites.mcus.txt
2023-11-01 21:38:58,779 [INFO] DbMcus:221 - Set 0 / 0 favorites MCUs
2023-11-01 21:38:59,113 [INFO] McuFinderGlobals:65 - Set McuFinderConnectedMode to true
2023-11-01 21:38:59,120 [INFO] MultiScanPanel:196 - Auto-refresh data requested => check proxy status ongoing
2023-11-01 21:38:59,123 [INFO] FinderPluginLoader:92 - Searching for filters in installed packs
2023-11-01 21:39:00,883 [ERROR] WebUtils:385 - Updater is busy
2023-11-01 21:39:00,884 [WARN] DetailPanel:344 - Failed to get advertising image, set to default
2023-11-01 21:39:00,926 [INFO] ServerAccessManage:474 - Download File STMicroelectronics.X-CUBE-ALGOBUILD.pdsc
2023-11-01 21:39:02,005 [INFO] ApiDb:667 - CubeFinder database Data Model version=2.1
2023-11-01 21:39:02,005 [INFO] ApiDb:668 - CubeFinder database Configuration version=3.0.35
2023-11-01 21:39:02,005 [INFO] ApiDb:669 - CubeFinder database generation date=2023-01-11 (1673424164)
2023-11-01 21:39:02,005 [INFO] ApiDb:670 - CubeFinder database FW Pack versions=[FP-ATR-ASTRA1_V1.1.1, STM32Cube_FW_C0_V1.0.0, STM32Cube_FW_F4_V1.27.1, STM32Cube_FW_F7_V1.17.0, STM32Cube_FW_G0_V1.6.1, STM32Cube_FW_G4_V1.5.0, STM32Cube_FW_H5_V0.5.1, STM32Cube_FW_H7_V1.11.0, STM32Cube_FW_L5_V1.5.0, STM32Cube_FW_U5_V1.1.1, STM32Cube_FW_WBA_V0.2.0, STM32Cube_FW_WB_V1.15.0, STM32Cube_FW_WB_V1.15.0RC1, STM32Cube_FW_WL_V1.3.0, X-CUBE-ALGOBUILD_V1.3.0, X-CUBE-ALS_V1.0.1, X-CUBE-AZRTOS-F4_V1.1.0, X-CUBE-AZRTOS-F7_V1.1.0, X-CUBE-AZRTOS-G0_V1.1.0, X-CUBE-AZRTOS-G4_V1.0.0, X-CUBE-AZRTOS-H7_V2.1.0, X-CUBE-AZRTOS-L4_V1.0.0, X-CUBE-AZRTOS-L5_V1.0.0, X-CUBE-AZRTOS-WL_V1.0.0, X-CUBE-BLE1_V6.2.4, X-CUBE-BLE2_V3.3.0, X-CUBE-BLEMGR_V1.3.0, X-CUBE-EEPRMA1_V4.1.0, X-CUBE-GNSS1_V6.0.0, X-CUBE-MEMS1_V9.1.0, X-CUBE-MEMS1_V9.3.0, X-CUBE-MEMS1_V9.4.0, X-CUBE-NFC4_V3.0.0, X-CUBE-NFC7_V1.0.0, X-CUBE-SFXS2LP1_V4.0.0, X-CUBE-SUBG2_V5.0.0]
2023-11-01 21:39:02,114 [INFO] ServerAccessManage:474 - Download File STMicroelectronics.X-CUBE-AZRTOS-H7.pdsc
2023-11-01 21:39:02,135 [INFO] DbBoardsSqlite:225 - include board P-NUCLEO-WB55-NUCLEO as a kit item of type 'Nucleo-64'
2023-11-01 21:39:02,137 [INFO] DbBoardsSqlite:225 - include board P-NUCLEO-WB55-USBDONGLE as a kit item of type 'Nucleo USB Dongle'
2023-11-01 21:39:02,138 [INFO] DbBoardsSqlite:225 - include board STEVAL-IDP005V1 as a kit item of type 'Evaluation Board'
2023-11-01 21:39:02,139 [INFO] DbBoardsSqlite:225 - include board STEVAL-IDP005V2 as a kit item of type 'Evaluation Board'
2023-11-01 21:39:02,252 [INFO] ApiDb:239 - Found 143 in-development CPN: [B-WB1M-WPAN1, B-WL5M-SUBG1, NUCLEO-C031C6, STEVAL-PROTEUS1, STEVAL-STWINBX1, STM320518-EVAL, STM32C0116-DK, STM32C011D6Y3TR, STM32C011D6Y6TR, STM32C011F4P3, STM32C011F4P6, STM32C011F4U3, STM32C011F4U6TR, STM32C011F6P3, STM32C011F6P6, STM32C011F6U3, STM32C011F6U6TR, STM32C011J4M3, STM32C011J4M6, STM32C011J6M3, STM32C011J6M6, STM32C0316-DK, STM32C031C4T3, STM32C031C4T6, STM32C031C4U3, STM32C031C4U6, STM32C031C6T3, STM32C031C6T6, STM32C031C6U3, STM32C031C6U6, STM32C031F4P3, STM32C031F4P6, STM32C031F6P3, STM32C031F6P6, STM32C031G4U3, STM32C031G4U6, STM32C031G6U3, STM32C031G6U6, STM32C031K4T3, STM32C031K4T6, STM32C031K4U3, STM32C031K4U6, STM32C031K6T3, STM32C031K6T6, STM32C031K6U3, STM32C031K6U6, STM32G071K8TXN, STM32G071K8UXN, STM32G081GBU6N, STM32G081KBT6N, STM32G081KBUXN, STM32G0B1CCT6N, STM32G0B1KCT6, STM32G0B1NEY6TR, STM32G0B1RCT6N, STM32G0C1CCT6, STM32G0C1CCT6N, STM32G0C1CCU6N, STM32G0C1CET6N, STM32G0C1CEU6N, STM32G0C1KCT6, STM32G0C1NEY6TR, STM32G0C1RCI6N, STM32G0C1RCT6N, STM32G0C1REI6N, STM32G0C1RET6N, STM32G0C1VCI6, STM32G0C1VEI6, STM32G471CCT6, STM32G471CCU6, STM32G471CET3, STM32G471CET6, STM32G471CEU3, STM32G471CEU6, STM32G471MCT6, STM32G471MET3, STM32G471MET6, STM32G471MEY6TR, STM32G471QCT6, STM32G471QET3, STM32G471RCT6, STM32G471RET3, STM32G471RET6, STM32G471VCH6, STM32G471VCI6, STM32G471VCT6, STM32G471VEH3, STM32G471VEH6, STM32G471VEI3, STM32G471VEI6, STM32G471VET3, STM32G471VET6, STM32G474CCT6, STM32L476VGY6PTR, STM32L4R5QGI6STR, STM32MP131AAE3, STM32MP131AAF3, STM32MP131AAG3, STM32MP131CAE3, STM32MP131CAF3, STM32MP131CAG3, STM32MP131DAE7, STM32MP131DAF7, STM32MP131DAG7, STM32MP131FAE7, STM32MP131FAF7, STM32MP131FAG7, STM32MP133AAE3, STM32MP133AAF3, STM32MP133AAG3, STM32MP133CAE3, STM32MP133CAF3, STM32MP133CAG3, STM32MP133DAE7, STM32MP133DAF7, STM32MP133DAG7, STM32MP133FAE7, STM32MP133FAF7, STM32MP133FAG7, STM32MP135AAE3, STM32MP135AAF3, STM32MP135AAG3, STM32MP135CAE3, STM32MP135CAF3, STM32MP135CAG3, STM32MP135DAE7, STM32MP135DAF7, STM32MP135DAG7, STM32MP135F-DK, STM32MP135FAE7, STM32MP135FAF7, STM32MP135FAF7T, STM32MP135FAF7U, STM32MP135FAG7, STM32U595ZJT6Q, STM32U599BJY6QTR, STM32U599NIH6Q, STM32U599NJH6Q, STM32U5A5ZJT6Q, STM32U5A9BJY6QTR, STM32U5A9NJH6Q, STM32WB1MMCH6, STM32WL5MOCH6TR]
2023-11-01 21:39:02,495 [INFO] BoardInfo:879 - No configuration file found for board P-NUCLEO-WB55
2023-11-01 21:39:02,496 [INFO] DbBoards:156 - Kit is not supported: P-NUCLEO-WB55
2023-11-01 21:39:02,506 [INFO] BoardInfo:879 - No configuration file found for board STEVAL-BFA001V1B
2023-11-01 21:39:02,507 [INFO] DbBoards:156 - Kit is not supported: STEVAL-BFA001V1B
2023-11-01 21:39:02,509 [INFO] BoardInfo:879 - No configuration file found for board STEVAL-BFA001V2B
2023-11-01 21:39:02,509 [INFO] DbBoards:156 - Kit is not supported: STEVAL-BFA001V2B
2023-11-01 21:39:02,720 [INFO] DbBoards:160 - Found 179 boards, 176 are supported
2023-11-01 21:39:02,730 [INFO] ApiDb:413 - User favorites file not found: C:\Users\Administrator/.stm32cubeide/favorites.boards.txt
2023-11-01 21:39:02,730 [INFO] DbBoards:189 - Set 0 / 0 favorites Boards
2023-11-01 21:39:04,109 [INFO] ServerAccessManage:474 - Download File STMicroelectronics.X-CUBE-AZRTOS-F4.pdsc
2023-11-01 21:39:05,168 [INFO] ServerAccessManage:474 - Download File STMicroelectronics.X-CUBE-AZRTOS-F7.pdsc
2023-11-01 21:39:05,988 [INFO] ServerAccessManage:474 - Download File STMicroelectronics.X-CUBE-AZRTOS-L4.pdsc
2023-11-01 21:39:06,706 [INFO] ServerAccessManage:474 - Download File STMicroelectronics.X-CUBE-AZRTOS-L5.pdsc
2023-11-01 21:39:07,828 [INFO] ServerAccessManage:474 - Download File STMicroelectronics.X-CUBE-AZRTOS-G0.pdsc
2023-11-01 21:39:08,601 [INFO] ServerAccessManage:474 - Download File STMicroelectronics.X-CUBE-AZRTOS-G4.pdsc
2023-11-01 21:39:09,191 [INFO] ServerAccessManage:474 - Download File STMicroelectronics.X-CUBE-AZRTOS-WB.pdsc
2023-11-01 21:39:09,911 [INFO] ServerAccessManage:474 - Download File STMicroelectronics.X-CUBE-AZRTOS-WL.pdsc
2023-11-01 21:39:11,009 [INFO] ServerAccessManage:474 - Download File wolfSSL.I-CUBE-wolfSSL.pdsc
2023-11-01 21:39:15,340 [ERROR] ServerAccessManage:1090 - Problem, file not found on Server
2023-11-01 21:39:15,798 [ERROR] ServerAccessManage:1090 - Problem, file not found on Server
2023-11-01 21:39:16,244 [ERROR] ServerAccessManage:1090 - Problem, file not found on Server
2023-11-01 21:39:16,984 [ERROR] ServerAccessManage:1097 - Problem, Http access forbiden
2023-11-01 21:39:16,984 [ERROR] ServerAccessManage:652 - Problem, Http access forbiden : RoweBots.I-CUBE-UNISONRTOS.pdsc.
2023-11-01 21:39:17,179 [ERROR] ServerAccessManage:1173 - Problem during Server Connection :  IO error PKIX path building failed: sun.security.provider.certpath.SunCertPathBuilderException: unable to find valid certification path to requested target
2023-11-01 21:39:17,179 [ERROR] ServerAccessManage:1177 - Exception trace: 
javax.net.ssl.SSLHandshakeException: PKIX path building failed: sun.security.provider.certpath.SunCertPathBuilderException: unable to find valid certification path to requested target
	at java.base/sun.security.ssl.Alert.createSSLException(Alert.java:131)
	at java.base/sun.security.ssl.TransportContext.fatal(TransportContext.java:353)
	at java.base/sun.security.ssl.TransportContext.fatal(TransportContext.java:296)
	at java.base/sun.security.ssl.TransportContext.fatal(TransportContext.java:291)
	at java.base/sun.security.ssl.CertificateMessage$T12CertificateConsumer.checkServerCerts(CertificateMessage.java:654)
	at java.base/sun.security.ssl.CertificateMessage$T12CertificateConsumer.onCertificate(CertificateMessage.java:473)
	at java.base/sun.security.ssl.CertificateMessage$T12CertificateConsumer.consume(CertificateMessage.java:369)
	at java.base/sun.security.ssl.SSLHandshake.consume(SSLHandshake.java:392)
	at java.base/sun.security.ssl.HandshakeContext.dispatch(HandshakeContext.java:443)
	at java.base/sun.security.ssl.HandshakeContext.dispatch(HandshakeContext.java:421)
	at java.base/sun.security.ssl.TransportContext.dispatch(TransportContext.java:183)
	at java.base/sun.security.ssl.SSLTransport.decode(SSLTransport.java:172)
	at java.base/sun.security.ssl.SSLSocketImpl.decode(SSLSocketImpl.java:1506)
	at java.base/sun.security.ssl.SSLSocketImpl.readHandshakeRecord(SSLSocketImpl.java:1416)
	at java.base/sun.security.ssl.SSLSocketImpl.startHandshake(SSLSocketImpl.java:456)
	at java.base/sun.security.ssl.SSLSocketImpl.startHandshake(SSLSocketImpl.java:427)
	at java.base/sun.net.www.protocol.https.HttpsClient.afterConnect(HttpsClient.java:572)
	at java.base/sun.net.www.protocol.https.AbstractDelegateHttpsURLConnection.connect(AbstractDelegateHttpsURLConnection.java:201)
	at java.base/sun.net.www.protocol.http.HttpURLConnection.getInputStream0(HttpURLConnection.java:1592)
	at java.base/sun.net.www.protocol.http.HttpURLConnection.getInputStream(HttpURLConnection.java:1520)
	at java.base/java.net.HttpURLConnection.getResponseCode(HttpURLConnection.java:527)
	at java.base/sun.net.www.protocol.https.HttpsURLConnectionImpl.getResponseCode(HttpsURLConnectionImpl.java:334)
	at com.st.microxplorer.plugins.updater.engine.ServerAccessManage.openHttpConnexion(ServerAccessManage.java:1034)
	at com.st.microxplorer.plugins.updater.engine.ServerAccessManage.readHttpFile(ServerAccessManage.java:416)
	at com.st.microxplorer.plugins.updater.engine.LoadServerUpdatesThread.processPdscEntry(LoadServerUpdatesThread.java:1231)
	at com.st.microxplorer.plugins.updater.engine.LoadServerUpdatesThread.processPackIndexEntries(LoadServerUpdatesThread.java:1158)
	at com.st.microxplorer.plugins.updater.engine.LoadServerUpdatesThread.processThirdPartyUpdaterIndexUrls(LoadServerUpdatesThread.java:1106)
	at com.st.microxplorer.plugins.updater.engine.LoadServerUpdatesThread.processThirdParties(LoadServerUpdatesThread.java:871)
	at com.st.microxplorer.plugins.updater.engine.LoadServerUpdatesThread.performFullUpdate(LoadServerUpdatesThread.java:453)
	at com.st.microxplorer.plugins.updater.engine.LoadServerUpdatesThread.run(LoadServerUpdatesThread.java:312)
Caused by: sun.security.validator.ValidatorException: PKIX path building failed: sun.security.provider.certpath.SunCertPathBuilderException: unable to find valid certification path to requested target
	at java.base/sun.security.validator.PKIXValidator.doBuild(PKIXValidator.java:439)
	at java.base/sun.security.validator.PKIXValidator.engineValidate(PKIXValidator.java:306)
	at java.base/sun.security.validator.Validator.validate(Validator.java:264)
	at java.base/sun.security.ssl.X509TrustManagerImpl.validate(X509TrustManagerImpl.java:313)
	at java.base/sun.security.ssl.X509TrustManagerImpl.checkTrusted(X509TrustManagerImpl.java:222)
	at java.base/sun.security.ssl.X509TrustManagerImpl.checkServerTrusted(X509TrustManagerImpl.java:129)
	at java.base/sun.security.ssl.CertificateMessage$T12CertificateConsumer.checkServerCerts(CertificateMessage.java:638)
	... 25 more
Caused by: sun.security.provider.certpath.SunCertPathBuilderException: unable to find valid certification path to requested target
	at java.base/sun.security.provider.certpath.SunCertPathBuilder.build(SunCertPathBuilder.java:141)
	at java.base/sun.security.provider.certpath.SunCertPathBuilder.engineBuild(SunCertPathBuilder.java:126)
	at java.base/java.security.cert.CertPathBuilder.build(CertPathBuilder.java:297)
	at java.base/sun.security.validator.PKIXValidator.doBuild(PKIXValidator.java:434)
	... 31 more
2023-11-01 21:39:17,198 [ERROR] ServerAccessManage:652 - Problem during Server Connection :  : SEGGER.I-CUBE-embOS.pdsc.
2023-11-01 21:39:17,541 [INFO] ServerAccessManage:474 - Download File portGmbH.I-Cube-SoM-uGOAL.pdsc
2023-11-01 21:39:18,264 [ERROR] ServerAccessManage:1090 - Problem, file not found on Server
2023-11-01 21:39:18,605 [ERROR] ServerAccessManage:1090 - Problem, file not found on Server
2023-11-01 21:39:18,690 [ERROR] ServerAccessManage:1090 - Problem, file not found on Server
2023-11-01 21:39:19,151 [INFO] ServerAccessManage:474 - Download File emotas.I-CUBE-CANOPEN.pdsc
2023-11-01 21:39:20,505 [INFO] ServerAccessManage:474 - Download File WES.I-CUBE-Cesium.pdsc
2023-11-01 21:39:22,859 [ERROR] ServerAccessManage:1090 - Problem, file not found on Server
2023-11-01 21:39:23,715 [ERROR] ServerAccessManage:1090 - Problem, file not found on Server
2023-11-01 21:39:24,623 [INFO] ServerAccessManage:474 - Download File ITTIA_DB.I-CUBE-ITTIADB.pdsc
2023-11-01 21:39:28,586 [INFO] ServerAccessManage:474 - Download File Infineon.AIROC-Wi-Fi-Bluetooth-STM32.pdsc
2023-11-01 21:39:30,157 [WARN] PackLoader:242 - Cannot read IP mode file for STMicroelectronics.FP-ATR-ASTRA1.2.0.0
2023-11-01 21:39:30,158 [WARN] CheckServerUpdateThread:150 - Open CheckUpdateFile Fail
2023-11-01 21:39:30,158 [WARN] PackLoader:242 - Cannot read IP mode file for STMicroelectronics.FP-ATR-SIGFOX1.3.2.0
2023-11-01 21:39:30,174 [WARN] PackLoader:242 - Cannot read IP mode file for STMicroelectronics.FP-SNS-FLIGHT1.5.0.2
2023-11-01 21:39:30,175 [WARN] PackLoader:242 - Cannot read IP mode file for STMicroelectronics.FP-SNS-MOTENV1.4.3.2
2023-11-01 21:39:30,197 [WARN] PackLoader:242 - Cannot read IP mode file for STMicroelectronics.FP-SNS-SMARTAG2.1.2.0
2023-11-01 21:39:30,209 [WARN] PackLoader:242 - Cannot read IP mode file for STMicroelectronics.X-CUBE-AI.8.1.0
2023-11-01 21:39:30,209 [WARN] PackLoader:242 - Cannot read IP mode file for STMicroelectronics.X-CUBE-ALS.1.0.1
2023-11-01 21:39:30,225 [WARN] PackLoader:242 - Cannot read IP mode file for STMicroelectronics.X-CUBE-BLE1.7.0.0
2023-11-01 21:39:30,225 [WARN] PackLoader:242 - Cannot read IP mode file for STMicroelectronics.X-CUBE-BLE2.3.3.0
2023-11-01 21:39:30,258 [WARN] PackLoader:242 - Cannot read IP mode file for STMicroelectronics.X-CUBE-BLEMGR.3.0.0
2023-11-01 21:39:30,282 [WARN] PackLoader:242 - Cannot read IP mode file for STMicroelectronics.X-CUBE-DISPLAY.3.0.0
2023-11-01 21:39:30,296 [WARN] PackLoader:242 - Cannot read IP mode file for STMicroelectronics.X-CUBE-EEPRMA1.4.2.0
2023-11-01 21:39:30,306 [WARN] PackLoader:242 - Cannot read IP mode file for STMicroelectronics.X-CUBE-FREERTOS.1.1.0
2023-11-01 21:39:30,309 [INFO] CheckServerUpdateThread:119 - End of CheckServer Thread
2023-11-01 21:39:30,318 [WARN] PackLoader:242 - Cannot read IP mode file for STMicroelectronics.X-CUBE-GNSS1.6.0.0
2023-11-01 21:39:30,324 [WARN] PackLoader:242 - Cannot read IP mode file for STMicroelectronics.X-CUBE-ISPU.1.1.0
2023-11-01 21:39:30,397 [WARN] PackLoader:242 - Cannot read IP mode file for STMicroelectronics.X-CUBE-MEMS1.10.0.0
2023-11-01 21:39:30,600 [WARN] PackLoader:242 - Cannot read IP mode file for STMicroelectronics.X-CUBE-NFC4.3.0.0
2023-11-01 21:39:30,616 [WARN] PackLoader:242 - Cannot read IP mode file for STMicroelectronics.X-CUBE-NFC6.3.0.0
2023-11-01 21:39:30,632 [WARN] PackLoader:242 - Cannot read IP mode file for STMicroelectronics.X-CUBE-NFC7.1.0.1
2023-11-01 21:39:30,647 [WARN] PackLoader:242 - Cannot read IP mode file for STMicroelectronics.X-CUBE-SFXS2LP1.4.0.0
2023-11-01 21:39:30,663 [WARN] PackLoader:242 - Cannot read IP mode file for STMicroelectronics.X-CUBE-SUBG2.5.0.0
2023-11-01 21:39:30,694 [WARN] PackLoader:242 - Cannot read IP mode file for STMicroelectronics.X-CUBE-SMBUS.2.1.0
2023-11-01 21:39:30,713 [WARN] PackLoader:242 - Cannot read IP mode file for STMicroelectronics.X-CUBE-TOF1.3.3.1
2023-11-01 21:39:30,732 [WARN] PackLoader:242 - Cannot read IP mode file for STMicroelectronics.X-CUBE-TOUCHGFX.4.22.1
2023-11-01 21:39:30,747 [WARN] PackLoader:242 - Cannot read IP mode file for STMicroelectronics.X-CUBE-ALGOBUILD.1.3.0
2023-11-01 21:39:30,769 [WARN] ConditionMgr:437 - getConditionDescription Invalid condition id : UX DEVICE CLASS RTOS Condition cause : null
2023-11-01 21:39:30,769 [WARN] ConditionMgr:437 - getConditionDescription Invalid condition id : UX DEVICE CLASS RTOS Condition cause : null
2023-11-01 21:39:30,784 [WARN] PackLoader:242 - Cannot read IP mode file for STMicroelectronics.X-CUBE-AZRTOS-H7.3.1.0
2023-11-01 21:39:30,784 [WARN] ConditionMgr:1038 - genDependencies : Invalid condition id : UX DEVICE CLASS RTOS Condition cause : null
2023-11-01 21:39:30,784 [WARN] ConditionMgr:1038 - genDependencies : Invalid condition id : UX DEVICE CLASS RTOS Condition cause : null
2023-11-01 21:39:30,795 [WARN] ConditionMgr:1038 - genDependencies : Invalid condition id : UX DEVICE CLASS RTOS Condition cause : null
2023-11-01 21:39:30,795 [WARN] ConditionMgr:1038 - genDependencies : Invalid condition id : UX DEVICE CLASS RTOS Condition cause : null
2023-11-01 21:39:30,795 [WARN] ConditionMgr:1038 - genDependencies : Invalid condition id : UX DEVICE CLASS RTOS Condition cause : null
2023-11-01 21:39:30,826 [WARN] PackLoader:242 - Cannot read IP mode file for STMicroelectronics.X-CUBE-AZRTOS-F4.1.1.0
2023-11-01 21:39:30,858 [WARN] PackLoader:242 - Cannot read IP mode file for STMicroelectronics.X-CUBE-AZRTOS-F7.1.1.0
2023-11-01 21:39:30,905 [WARN] ConditionMgr:437 - getConditionDescription Invalid condition id : LAN8742 Phy interface Condition cause : null
2023-11-01 21:39:30,905 [WARN] PackLoader:242 - Cannot read IP mode file for STMicroelectronics.X-CUBE-AZRTOS-L4.2.0.0
2023-11-01 21:39:30,905 [WARN] ConditionMgr:1038 - genDependencies : Invalid condition id : LAN8742 Phy interface Condition cause : null
2023-11-01 21:39:30,905 [WARN] ConditionMgr:1038 - genDependencies : Invalid condition id : LAN8742 Phy interface Condition cause : null
2023-11-01 21:39:30,905 [WARN] ConditionMgr:1038 - genDependencies : Invalid condition id : LAN8742 Phy interface Condition cause : null
2023-11-01 21:39:30,951 [WARN] PackLoader:242 - Cannot read IP mode file for STMicroelectronics.X-CUBE-AZRTOS-L5.2.0.0
2023-11-01 21:39:30,998 [WARN] PackLoader:242 - Cannot read IP mode file for STMicroelectronics.X-CUBE-AZRTOS-G0.1.1.0
2023-11-01 21:39:31,030 [WARN] PackLoader:242 - Cannot read IP mode file for STMicroelectronics.X-CUBE-AZRTOS-G4.2.0.0
2023-11-01 21:39:31,061 [WARN] ConditionMgr:437 - getConditionDescription Invalid condition id : UX DEVICE CLASS RTOS Condition cause : null
2023-11-01 21:39:31,061 [WARN] ConditionMgr:437 - getConditionDescription Invalid condition id : UX DEVICE CLASS RTOS Condition cause : null
2023-11-01 21:39:31,061 [WARN] PackLoader:242 - Cannot read IP mode file for STMicroelectronics.X-CUBE-AZRTOS-WB.2.0.0
2023-11-01 21:39:31,061 [WARN] ConditionMgr:1038 - genDependencies : Invalid condition id : UX DEVICE CLASS RTOS Condition cause : null
2023-11-01 21:39:31,076 [WARN] ConditionMgr:1038 - genDependencies : Invalid condition id : UX DEVICE CLASS RTOS Condition cause : null
2023-11-01 21:39:31,076 [WARN] ConditionMgr:1038 - genDependencies : Invalid condition id : UX DEVICE CLASS RTOS Condition cause : null
2023-11-01 21:39:31,076 [WARN] ConditionMgr:1038 - genDependencies : Invalid condition id : UX DEVICE CLASS RTOS Condition cause : null
2023-11-01 21:39:31,076 [WARN] ConditionMgr:1038 - genDependencies : Invalid condition id : UX DEVICE CLASS RTOS Condition cause : null
2023-11-01 21:39:31,108 [INFO] LogOutputStream:76 - [STDOUT_REDIRECT] 1 : Invalid condition id : UX_CORESTACK_Condition cause : null
2023-11-01 21:39:31,108 [INFO] LogOutputStream:76 - [STDOUT_REDIRECT] 1 : Invalid condition id : UX_CORESTACK_Condition cause : null
2023-11-01 21:39:31,108 [INFO] LogOutputStream:76 - [STDOUT_REDIRECT] 1 : Invalid condition id : UX_CORESTACK_Condition cause : null
2023-11-01 21:39:31,108 [INFO] LogOutputStream:76 - [STDOUT_REDIRECT] 1 : Invalid condition id : UX_CORESTACK_Condition cause : null
2023-11-01 21:39:31,108 [INFO] LogOutputStream:76 - [STDOUT_REDIRECT] 1 : Invalid condition id : UX_CORESTACK_Condition cause : null
2023-11-01 21:39:31,123 [WARN] PackLoader:242 - Cannot read IP mode file for STMicroelectronics.X-CUBE-AZRTOS-WL.2.0.0
2023-11-01 21:39:31,123 [WARN] PackLoader:242 - Cannot read IP mode file for wolfSSL.I-CUBE-wolfSSL.5.6.3
2023-11-01 21:39:31,139 [WARN] PackLoader:242 - Cannot read IP mode file for portGmbH.I-Cube-SoM-uGOAL.1.1.0
2023-11-01 21:39:31,139 [WARN] PackLoader:242 - Cannot read IP mode file for emotas.I-CUBE-CANOPEN.1.3.0
2023-11-01 21:39:31,155 [WARN] PackLoader:242 - Cannot read IP mode file for WES.I-CUBE-Cesium.1.3.0
2023-11-01 21:39:31,170 [WARN] PackLoader:242 - Cannot read IP mode file for ITTIA_DB.I-CUBE-ITTIADB.8.8.0
2023-11-01 21:39:31,186 [WARN] PackLoader:242 - Cannot read IP mode file for Infineon.AIROC-Wi-Fi-Bluetooth-STM32.1.5.1
2023-11-01 21:39:31,201 [INFO] PopulateThirdPartyThread:64 - Ending populate Thread
2023-11-01 21:39:31,201 [INFO] ThirdParty:999 - CMSIS Pack Vendor :STMicroelectronics X-CUBE-ISPU 1.1.0
2023-11-01 21:39:31,201 [INFO] ThirdParty:999 - CMSIS Pack Vendor :STMicroelectronics X-CUBE-DISPLAY 3.0.0
2023-11-01 21:39:31,201 [INFO] ThirdParty:999 - CMSIS Pack Vendor :STMicroelectronics X-CUBE-GNSS1 6.0.0
2023-11-01 21:39:31,201 [INFO] ThirdParty:999 - CMSIS Pack Vendor :STMicroelectronics X-CUBE-AZRTOS-F4 1.1.0
2023-11-01 21:39:31,201 [INFO] ThirdParty:999 - CMSIS Pack Vendor :STMicroelectronics FP-ATR-SIGFOX1 3.2.0
2023-11-01 21:39:31,201 [INFO] ThirdParty:999 - CMSIS Pack Vendor :STMicroelectronics X-CUBE-BLE1 7.0.0
2023-11-01 21:39:31,201 [INFO] ThirdParty:999 - CMSIS Pack Vendor :wolfSSL I-CUBE-wolfSSL 5.6.3
2023-11-01 21:39:31,201 [INFO] ThirdParty:999 - CMSIS Pack Vendor :STMicroelectronics X-CUBE-SMBUS 2.1.0
2023-11-01 21:39:31,201 [INFO] ThirdParty:999 - CMSIS Pack Vendor :STMicroelectronics X-CUBE-AZRTOS-WB 2.0.0
2023-11-01 21:39:31,201 [INFO] ThirdParty:999 - CMSIS Pack Vendor :emotas I-CUBE-CANOPEN 1.3.0
2023-11-01 21:39:31,217 [INFO] ThirdParty:999 - CMSIS Pack Vendor :STMicroelectronics X-CUBE-MEMS1 10.0.0
2023-11-01 21:39:31,217 [INFO] ThirdParty:999 - CMSIS Pack Vendor :STMicroelectronics X-CUBE-FREERTOS 1.1.0
2023-11-01 21:39:31,217 [INFO] ThirdParty:999 - CMSIS Pack Vendor :STMicroelectronics X-CUBE-NFC7 1.0.1
2023-11-01 21:39:31,217 [INFO] ThirdParty:999 - CMSIS Pack Vendor :STMicroelectronics X-CUBE-TOUCHGFX 4.22.1
2023-11-01 21:39:31,217 [INFO] ThirdParty:999 - CMSIS Pack Vendor :STMicroelectronics X-CUBE-AZRTOS-F7 1.1.0
2023-11-01 21:39:31,217 [INFO] ThirdParty:999 - CMSIS Pack Vendor :STMicroelectronics X-CUBE-AZRTOS-L5 2.0.0
2023-11-01 21:39:31,217 [INFO] ThirdParty:999 - CMSIS Pack Vendor :STMicroelectronics X-CUBE-NFC6 3.0.0
2023-11-01 21:39:31,217 [INFO] ThirdParty:999 - CMSIS Pack Vendor :STMicroelectronics X-CUBE-ALS 1.0.1
2023-11-01 21:39:31,217 [INFO] ThirdParty:999 - CMSIS Pack Vendor :portGmbH I-Cube-SoM-uGOAL 1.1.0
2023-11-01 21:39:31,217 [INFO] ThirdParty:999 - CMSIS Pack Vendor :STMicroelectronics X-CUBE-EEPRMA1 4.2.0
2023-11-01 21:39:31,217 [INFO] ThirdParty:999 - CMSIS Pack Vendor :ITTIA_DB I-CUBE-ITTIADB 8.8.0
2023-11-01 21:39:31,217 [INFO] ThirdParty:999 - CMSIS Pack Vendor :STMicroelectronics FP-SNS-SMARTAG2 1.2.0
2023-11-01 21:39:31,217 [INFO] ThirdParty:999 - CMSIS Pack Vendor :STMicroelectronics FP-SNS-MOTENV1 4.3.2
2023-11-01 21:39:31,217 [INFO] ThirdParty:999 - CMSIS Pack Vendor :STMicroelectronics X-CUBE-ALGOBUILD 1.3.0
2023-11-01 21:39:31,217 [INFO] ThirdParty:999 - CMSIS Pack Vendor :STMicroelectronics X-CUBE-AZRTOS-WL 2.0.0
2023-11-01 21:39:31,217 [INFO] ThirdParty:999 - CMSIS Pack Vendor :STMicroelectronics X-CUBE-AZRTOS-G0 1.1.0
2023-11-01 21:39:31,217 [INFO] ThirdParty:999 - CMSIS Pack Vendor :STMicroelectronics X-CUBE-AI 8.1.0
2023-11-01 21:39:31,217 [INFO] ThirdParty:999 - CMSIS Pack Vendor :STMicroelectronics X-CUBE-NFC4 3.0.0
2023-11-01 21:39:31,217 [INFO] ThirdParty:999 - CMSIS Pack Vendor :STMicroelectronics X-CUBE-SUBG2 5.0.0
2023-11-01 21:39:31,217 [INFO] ThirdParty:999 - CMSIS Pack Vendor :STMicroelectronics X-CUBE-AZRTOS-L4 2.0.0
2023-11-01 21:39:31,217 [INFO] ThirdParty:999 - CMSIS Pack Vendor :STMicroelectronics FP-ATR-ASTRA1 2.0.0
2023-11-01 21:39:31,217 [INFO] ThirdParty:999 - CMSIS Pack Vendor :WES I-CUBE-Cesium 1.3.0
2023-11-01 21:39:31,217 [INFO] ThirdParty:999 - CMSIS Pack Vendor :STMicroelectronics X-CUBE-SFXS2LP1 4.0.0
2023-11-01 21:39:31,217 [INFO] ThirdParty:999 - CMSIS Pack Vendor :STMicroelectronics FP-SNS-FLIGHT1 5.0.2
2023-11-01 21:39:31,217 [INFO] ThirdParty:999 - CMSIS Pack Vendor :STMicroelectronics X-CUBE-BLE2 3.3.0
2023-11-01 21:39:31,217 [INFO] ThirdParty:999 - CMSIS Pack Vendor :STMicroelectronics X-CUBE-TOF1 3.3.1
2023-11-01 21:39:31,217 [INFO] ThirdParty:999 - CMSIS Pack Vendor :STMicroelectronics X-CUBE-AZRTOS-G4 2.0.0
2023-11-01 21:39:31,217 [INFO] ThirdParty:999 - CMSIS Pack Vendor :STMicroelectronics X-CUBE-AZRTOS-H7 3.1.0
2023-11-01 21:39:31,217 [INFO] ThirdParty:999 - CMSIS Pack Vendor :Infineon AIROC-Wi-Fi-Bluetooth-STM32 1.5.1
2023-11-01 21:39:31,217 [INFO] ThirdParty:999 - CMSIS Pack Vendor :STMicroelectronics X-CUBE-BLEMGR 3.0.0
2023-11-01 21:39:31,217 [INFO] LoadServerUpdatesThread:367 - End of LoadServerUpdate Thread
2023-11-01 21:39:57,474 [INFO] MultiScanPanel:196 - Auto-refresh data requested => check proxy status ongoing
2023-11-01 21:39:58,172 [INFO] ServerAccessManage:474 - Download File 
2023-11-01 21:39:58,407 [INFO] LoadUrlFilesThread:179 - End of LoadServerUrlFiles without Thread
2023-11-01 21:39:58,432 [INFO] DetailPanel:339 - Set advertising image to C:/Users/Administrator/STM32Cube/Repository/\en.Prom_NBSTM32U50921.jpg
2023-11-01 21:39:58,449 [INFO] DbBoards:633 - Loading board mini-images...
2023-11-01 21:39:58,663 [ERROR] DbBoards:650 - Image file not found for board B-WL5M-SUBG1: C:\Users\Administrator\.stmcufinder\plugins\mcufinder//mcu//boards_images/B-WL5M-SUBG1.jpg
2023-11-01 21:40:01,297 [INFO] DbBoards:656 - Loaded 178 board mini-images
2023-11-01 21:48:52,587 [INFO] MainUpdater:2800 - connection check result : 10
2023-11-01 21:48:52,588 [INFO] MainUpdater:2800 - connection check result : 10
2023-11-01 21:48:52,604 [INFO] MicroXplorer:451 - Change Database Path : 
2023-11-01 21:48:52,604 [INFO] MicroXplorer:481 - Change Database Version : DB.6.0.70
2023-11-01 21:48:52,604 [WARN] ThirdParty:845 - waiting for thirdparty lock release [close project]
2023-11-01 21:48:52,604 [INFO] ThirdParty:847 - entering critical section [close project]
2023-11-01 21:48:52,605 [INFO] ThirdParty:857 - exiting critical section [close project]
2023-11-01 21:48:52,608 [INFO] PinOutPanel:1477 - setPackage(No Configuration,No Configuration)
2023-11-01 21:48:52,614 [INFO] UtilMem:74 - Begin LoadConfig() Used Memory: 496390112 Bytes (719323136)
2023-11-01 21:48:52,615 [INFO] MicroXplorer:451 - Change Database Path : 
2023-11-01 21:48:52,615 [INFO] MicroXplorer:481 - Change Database Version : DB.6.0.70
2023-11-01 21:48:52,615 [INFO] OpenFileManager:307 - Change cursor
2023-11-01 21:48:52,634 [WARN] IntegrityCheckThread:82 - waiting for thirdparty lock release [integrity check]
2023-11-01 21:48:52,634 [INFO] IntegrityCheckThread:84 - entering critical section [integrity check]
2023-11-01 21:48:52,842 [WARN] PackLoader:242 - Cannot read IP mode file for STMicroelectronics.X-CUBE-SMBUS.2.1.0
2023-11-01 21:48:52,861 [WARN] PackLoader:242 - Cannot read IP mode file for STMicroelectronics.X-CUBE-AZRTOS-F7.1.1.0
2023-11-01 21:48:52,870 [WARN] PackLoader:242 - Cannot read IP mode file for STMicroelectronics.FP-SNS-MOTENV1.4.3.2
2023-11-01 21:48:52,875 [WARN] PackLoader:242 - Cannot read IP mode file for STMicroelectronics.FP-SNS-FLIGHT1.5.0.2
2023-11-01 21:48:52,882 [WARN] PackLoader:242 - Cannot read IP mode file for STMicroelectronics.X-CUBE-DISPLAY.3.0.0
2023-11-01 21:48:52,892 [WARN] PackLoader:242 - Cannot read IP mode file for STMicroelectronics.X-CUBE-BLE1.7.0.0
2023-11-01 21:48:52,897 [WARN] PackLoader:242 - Cannot read IP mode file for emotas.I-CUBE-CANOPEN.1.3.0
2023-11-01 21:48:52,901 [WARN] PackLoader:242 - Cannot read IP mode file for STMicroelectronics.X-CUBE-TOUCHGFX.4.22.1
2023-11-01 21:48:52,905 [WARN] PackLoader:242 - Cannot read IP mode file for STMicroelectronics.FP-SNS-SMARTAG2.1.2.0
2023-11-01 21:48:52,917 [INFO] LogOutputStream:76 - [STDOUT_REDIRECT] 1 : Invalid condition id : UX_CORESTACK_Condition cause : null
2023-11-01 21:48:52,919 [INFO] LogOutputStream:76 - [STDOUT_REDIRECT] 1 : Invalid condition id : UX_CORESTACK_Condition cause : null
2023-11-01 21:48:52,921 [INFO] LogOutputStream:76 - [STDOUT_REDIRECT] 1 : Invalid condition id : UX_CORESTACK_Condition cause : null
2023-11-01 21:48:52,923 [INFO] LogOutputStream:76 - [STDOUT_REDIRECT] 1 : Invalid condition id : UX_CORESTACK_Condition cause : null
2023-11-01 21:48:52,925 [INFO] LogOutputStream:76 - [STDOUT_REDIRECT] 1 : Invalid condition id : UX_CORESTACK_Condition cause : null
2023-11-01 21:48:52,928 [WARN] PackLoader:242 - Cannot read IP mode file for STMicroelectronics.X-CUBE-AZRTOS-WL.2.0.0
2023-11-01 21:48:52,936 [WARN] PackLoader:242 - Cannot read IP mode file for WES.I-CUBE-Cesium.1.3.0
2023-11-01 21:48:52,942 [WARN] PackLoader:242 - Cannot read IP mode file for STMicroelectronics.X-CUBE-BLE2.3.3.0
2023-11-01 21:48:52,950 [WARN] PackLoader:242 - Cannot read IP mode file for STMicroelectronics.X-CUBE-ALGOBUILD.1.3.0
2023-11-01 21:48:52,972 [WARN] PackLoader:242 - Cannot read IP mode file for STMicroelectronics.X-CUBE-AZRTOS-G0.1.1.0
2023-11-01 21:48:52,980 [WARN] PackLoader:242 - Cannot read IP mode file for STMicroelectronics.X-CUBE-NFC4.3.0.0
2023-11-01 21:48:52,991 [WARN] PackLoader:242 - Cannot read IP mode file for STMicroelectronics.X-CUBE-BLEMGR.3.0.0
2023-11-01 21:48:52,998 [WARN] PackLoader:242 - Cannot read IP mode file for STMicroelectronics.FP-ATR-SIGFOX1.3.2.0
2023-11-01 21:48:53,004 [WARN] PackLoader:242 - Cannot read IP mode file for STMicroelectronics.X-CUBE-GNSS1.6.0.0
2023-11-01 21:48:53,022 [WARN] PackLoader:242 - Cannot read IP mode file for STMicroelectronics.X-CUBE-AZRTOS-F4.1.1.0
2023-11-01 21:48:53,031 [WARN] PackLoader:242 - Cannot read IP mode file for wolfSSL.I-CUBE-wolfSSL.5.6.3
2023-11-01 21:48:53,047 [WARN] PackLoader:242 - Cannot read IP mode file for STMicroelectronics.X-CUBE-AZRTOS-L5.2.0.0
2023-11-01 21:48:53,056 [WARN] PackLoader:242 - Cannot read IP mode file for STMicroelectronics.X-CUBE-EEPRMA1.4.2.0
2023-11-01 21:48:53,063 [WARN] PackLoader:242 - Cannot read IP mode file for ITTIA_DB.I-CUBE-ITTIADB.8.8.0
2023-11-01 21:48:53,079 [WARN] ConditionMgr:437 - getConditionDescription Invalid condition id : UX DEVICE CLASS RTOS Condition cause : null
2023-11-01 21:48:53,080 [WARN] ConditionMgr:437 - getConditionDescription Invalid condition id : UX DEVICE CLASS RTOS Condition cause : null
2023-11-01 21:48:53,083 [WARN] PackLoader:242 - Cannot read IP mode file for STMicroelectronics.X-CUBE-AZRTOS-H7.3.1.0
2023-11-01 21:48:53,085 [WARN] ConditionMgr:1038 - genDependencies : Invalid condition id : UX DEVICE CLASS RTOS Condition cause : null
2023-11-01 21:48:53,085 [WARN] ConditionMgr:1038 - genDependencies : Invalid condition id : UX DEVICE CLASS RTOS Condition cause : null
2023-11-01 21:48:53,086 [WARN] ConditionMgr:1038 - genDependencies : Invalid condition id : UX DEVICE CLASS RTOS Condition cause : null
2023-11-01 21:48:53,086 [WARN] ConditionMgr:1038 - genDependencies : Invalid condition id : UX DEVICE CLASS RTOS Condition cause : null
2023-11-01 21:48:53,086 [WARN] ConditionMgr:1038 - genDependencies : Invalid condition id : UX DEVICE CLASS RTOS Condition cause : null
2023-11-01 21:48:53,093 [WARN] PackLoader:242 - Cannot read IP mode file for STMicroelectronics.X-CUBE-NFC7.1.0.1
2023-11-01 21:48:53,101 [WARN] PackLoader:242 - Cannot read IP mode file for STMicroelectronics.X-CUBE-NFC6.3.0.0
2023-11-01 21:48:53,108 [WARN] PackLoader:242 - Cannot read IP mode file for STMicroelectronics.X-CUBE-AI.8.1.0
2023-11-01 21:48:53,128 [WARN] ConditionMgr:437 - getConditionDescription Invalid condition id : LAN8742 Phy interface Condition cause : null
2023-11-01 21:48:53,129 [WARN] PackLoader:242 - Cannot read IP mode file for STMicroelectronics.X-CUBE-AZRTOS-L4.2.0.0
2023-11-01 21:48:53,131 [WARN] ConditionMgr:1038 - genDependencies : Invalid condition id : LAN8742 Phy interface Condition cause : null
2023-11-01 21:48:53,131 [WARN] ConditionMgr:1038 - genDependencies : Invalid condition id : LAN8742 Phy interface Condition cause : null
2023-11-01 21:48:53,132 [WARN] ConditionMgr:1038 - genDependencies : Invalid condition id : LAN8742 Phy interface Condition cause : null
2023-11-01 21:48:53,141 [WARN] PackLoader:242 - Cannot read IP mode file for STMicroelectronics.X-CUBE-SFXS2LP1.4.0.0
2023-11-01 21:48:53,147 [WARN] PackLoader:242 - Cannot read IP mode file for STMicroelectronics.X-CUBE-ISPU.1.1.0
2023-11-01 21:48:53,160 [WARN] ConditionMgr:437 - getConditionDescription Invalid condition id : UX DEVICE CLASS RTOS Condition cause : null
2023-11-01 21:48:53,160 [WARN] ConditionMgr:437 - getConditionDescription Invalid condition id : UX DEVICE CLASS RTOS Condition cause : null
2023-11-01 21:48:53,163 [WARN] PackLoader:242 - Cannot read IP mode file for STMicroelectronics.X-CUBE-AZRTOS-WB.2.0.0
2023-11-01 21:48:53,164 [WARN] ConditionMgr:1038 - genDependencies : Invalid condition id : UX DEVICE CLASS RTOS Condition cause : null
2023-11-01 21:48:53,164 [WARN] ConditionMgr:1038 - genDependencies : Invalid condition id : UX DEVICE CLASS RTOS Condition cause : null
2023-11-01 21:48:53,165 [WARN] ConditionMgr:1038 - genDependencies : Invalid condition id : UX DEVICE CLASS RTOS Condition cause : null
2023-11-01 21:48:53,165 [WARN] ConditionMgr:1038 - genDependencies : Invalid condition id : UX DEVICE CLASS RTOS Condition cause : null
2023-11-01 21:48:53,165 [WARN] ConditionMgr:1038 - genDependencies : Invalid condition id : UX DEVICE CLASS RTOS Condition cause : null
2023-11-01 21:48:53,178 [WARN] PackLoader:242 - Cannot read IP mode file for STMicroelectronics.X-CUBE-SUBG2.5.0.0
2023-11-01 21:48:53,204 [WARN] PackLoader:242 - Cannot read IP mode file for STMicroelectronics.X-CUBE-TOF1.3.3.1
2023-11-01 21:48:53,248 [WARN] PackLoader:242 - Cannot read IP mode file for STMicroelectronics.X-CUBE-AZRTOS-G4.2.0.0
2023-11-01 21:48:53,270 [WARN] PackLoader:242 - Cannot read IP mode file for Infineon.AIROC-Wi-Fi-Bluetooth-STM32.1.5.1
2023-11-01 21:48:53,333 [WARN] PackLoader:242 - Cannot read IP mode file for STMicroelectronics.X-CUBE-MEMS1.10.0.0
2023-11-01 21:48:53,463 [WARN] PackLoader:242 - Cannot read IP mode file for STMicroelectronics.X-CUBE-FREERTOS.1.1.0
2023-11-01 21:48:53,471 [WARN] PackLoader:242 - Cannot read IP mode file for portGmbH.I-Cube-SoM-uGOAL.1.1.0
2023-11-01 21:48:53,476 [WARN] PackLoader:242 - Cannot read IP mode file for STMicroelectronics.X-CUBE-ALS.1.0.1
2023-11-01 21:48:53,480 [WARN] PackLoader:242 - Cannot read IP mode file for STMicroelectronics.FP-ATR-ASTRA1.2.0.0
2023-11-01 21:48:53,481 [INFO] ThirdParty:947 - Integrity check success = true
2023-11-01 21:48:53,481 [INFO] IntegrityCheckThread:98 - exiting critical section [integrity check]
2023-11-01 21:48:53,481 [INFO] IntegrityCheckThread:101 - End integrity checks thread
2023-11-01 21:48:53,520 [INFO] Mcu:1925 - Initializing MCU STM32F100R4Tx STM32F100R4Tx 
2023-11-01 21:48:53,521 [INFO] Mcu:1938 - No CPN specified => set CPN to STM32F100R4T6B
2023-11-01 21:48:54,668 [INFO] Context:654 - Trying to add GPIOservice into a context  which must be forbidden
2023-11-01 21:48:54,955 [INFO] ImportTextPane:193 - (OptionalMessage_ERROR) Unable to find key (Mcu.ThirdPartyNb) in loaded IOC file
2023-11-01 21:48:54,956 [INFO] ImportTextPane:193 - (OptionalMessage_ERROR) Unable to find key (Mcu.PinsNb) in loaded IOC file
2023-11-01 21:48:54,956 [INFO] ImportTextPane:193 - (OptionalMessage_ERROR) Unable to find key (Mcu.IPNb) in loaded IOC file
2023-11-01 21:48:55,045 [INFO] RtosManager:489 - Registered RTOS mode: class=CMSIS, group=RTOS, mode=CMSIS_V1, owner=FREERTOS
2023-11-01 21:48:55,046 [INFO] RtosManager:489 - Registered RTOS mode: class=CMSIS, group=RTOS2, mode=CMSIS_V2, owner=FREERTOS
2023-11-01 21:48:55,046 [INFO] RtosManager:489 - Registered RTOS mode: class=RTOS, group=Core, mode=CMSIS_V1, owner=FREERTOS
2023-11-01 21:48:55,046 [INFO] RtosManager:489 - Registered RTOS mode: class=RTOS, group=Core, mode=CMSIS_V2, owner=FREERTOS
2023-11-01 21:48:55,046 [WARN] ModelIntegratedComponent:185 - Missing modes for component STMicroelectronics:FreeRTOS:0.0.1:STMicroelectronics:RTOS:FreeRTOS:Core:::10.2.0:
2023-11-01 21:48:55,082 [WARN] ModelIntegratedComponent:64 - No mode defined for component null
2023-11-01 21:48:55,082 [WARN] ModelIntegratedComponent:64 - No mode defined for component null
2023-11-01 21:48:55,082 [WARN] ModelIntegratedComponent:64 - No mode defined for component null
2023-11-01 21:48:55,082 [WARN] ModelIntegratedComponent:64 - No mode defined for component null
2023-11-01 21:48:55,082 [WARN] ModelIntegratedComponent:64 - No mode defined for component null
2023-11-01 21:48:55,082 [WARN] ModelIntegratedComponent:64 - No mode defined for component null
2023-11-01 21:48:55,083 [WARN] ModelIntegratedComponent:64 - No mode defined for component null
2023-11-01 21:48:55,083 [WARN] ModelIntegratedComponent:64 - No mode defined for component null
2023-11-01 21:48:55,083 [WARN] ModelIntegratedComponent:64 - No mode defined for component null
2023-11-01 21:48:55,083 [WARN] ModelIntegratedComponent:64 - No mode defined for component null
2023-11-01 21:48:55,083 [WARN] ModelIntegratedComponent:64 - No mode defined for component null
2023-11-01 21:48:55,083 [WARN] ModelIntegratedComponent:64 - No mode defined for component null
2023-11-01 21:48:55,083 [WARN] ModelIntegratedComponent:64 - No mode defined for component null
2023-11-01 21:48:55,083 [WARN] ModelIntegratedComponent:64 - No mode defined for component null
2023-11-01 21:48:55,083 [WARN] ModelIntegratedComponent:64 - No mode defined for component null
2023-11-01 21:48:55,083 [WARN] ModelIntegratedComponent:64 - No mode defined for component null
2023-11-01 21:48:55,084 [WARN] ModelIntegratedComponent:64 - No mode defined for component null
2023-11-01 21:48:55,084 [WARN] ModelIntegratedComponent:64 - No mode defined for component null
2023-11-01 21:48:55,084 [WARN] ModelIntegratedComponent:64 - No mode defined for component null
2023-11-01 21:48:55,084 [WARN] ModelIntegratedComponent:64 - No mode defined for component null
2023-11-01 21:48:55,084 [WARN] ModelIntegratedComponent:64 - No mode defined for component null
2023-11-01 21:48:55,084 [WARN] ModelIntegratedComponent:64 - No mode defined for component null
2023-11-01 21:48:55,084 [WARN] ModelIntegratedComponent:64 - No mode defined for component null
2023-11-01 21:48:55,084 [WARN] ModelIntegratedComponent:64 - No mode defined for component null
2023-11-01 21:48:55,084 [WARN] ModelIntegratedComponent:64 - No mode defined for component null
2023-11-01 21:48:55,085 [WARN] ModelIntegratedComponent:64 - No mode defined for component null
2023-11-01 21:48:55,085 [WARN] ModelIntegratedComponent:64 - No mode defined for component null
2023-11-01 21:48:55,085 [WARN] ModelIntegratedComponent:64 - No mode defined for component null
2023-11-01 21:48:55,085 [WARN] ModelIntegratedComponent:64 - No mode defined for component null
2023-11-01 21:48:55,085 [WARN] ModelIntegratedComponent:64 - No mode defined for component null
2023-11-01 21:48:55,085 [WARN] ModelIntegratedComponent:64 - No mode defined for component null
2023-11-01 21:48:55,085 [WARN] ModelIntegratedComponent:64 - No mode defined for component null
2023-11-01 21:48:55,085 [WARN] ModelIntegratedComponent:64 - No mode defined for component null
2023-11-01 21:48:55,301 [INFO] ThirdPartyModel:294 - Start build external matchings
2023-11-01 21:48:55,858 [INFO] ThirdPartyModel:310 - End build external matchings
2023-11-01 21:48:56,064 [INFO] UtilMem:74 - End LoadConfig() Used Memory: 609336496 Bytes (719323136)
2023-11-01 21:48:56,087 [WARN] ThirdParty:807 - waiting for thirdparty lock release [change project]
2023-11-01 21:48:56,087 [INFO] ThirdParty:809 - entering critical section [change project]
2023-11-01 21:48:56,087 [INFO] ThirdParty:999 - CMSIS Pack Vendor :STMicroelectronics X-CUBE-ISPU 1.1.0
2023-11-01 21:48:56,087 [INFO] ThirdParty:999 - CMSIS Pack Vendor :STMicroelectronics X-CUBE-GNSS1 6.0.0
2023-11-01 21:48:56,087 [INFO] ThirdParty:999 - CMSIS Pack Vendor :STMicroelectronics USB_HOST 2.0.0
2023-11-01 21:48:56,087 [INFO] ThirdParty:999 - CMSIS Pack Vendor :STMicroelectronics X-CUBE-AZRTOS-F4 1.1.0
2023-11-01 21:48:56,087 [INFO] ThirdParty:999 - CMSIS Pack Vendor :STMicroelectronics LIBJPEG 8.0.0
2023-11-01 21:48:56,087 [INFO] ThirdParty:999 - CMSIS Pack Vendor :wolfSSL I-CUBE-wolfSSL 5.6.3
2023-11-01 21:48:56,087 [INFO] ThirdParty:999 - CMSIS Pack Vendor :STMicroelectronics X-CUBE-SMBUS 2.1.0
2023-11-01 21:48:56,087 [INFO] ThirdParty:999 - CMSIS Pack Vendor :STMicroelectronics USB_DEVICE 3.0.0
2023-11-01 21:48:56,087 [INFO] ThirdParty:999 - CMSIS Pack Vendor :STMicroelectronics X-CUBE-AZRTOS-WB 2.0.0
2023-11-01 21:48:56,088 [INFO] ThirdParty:999 - CMSIS Pack Vendor :STMicroelectronics X-CUBE-AZRTOS-F7 1.1.0
2023-11-01 21:48:56,088 [INFO] ThirdParty:999 - CMSIS Pack Vendor :STMicroelectronics X-CUBE-AZRTOS-L5 2.0.0
2023-11-01 21:48:56,088 [INFO] ThirdParty:999 - CMSIS Pack Vendor :STMicroelectronics USB_DEVICE 2.0.0
2023-11-01 21:48:56,088 [INFO] ThirdParty:999 - CMSIS Pack Vendor :STMicroelectronics X-CUBE-EEPRMA1 4.2.0
2023-11-01 21:48:56,088 [INFO] ThirdParty:999 - CMSIS Pack Vendor :ITTIA_DB I-CUBE-ITTIADB 8.8.0
2023-11-01 21:48:56,088 [INFO] ThirdParty:999 - CMSIS Pack Vendor :STMicroelectronics FP-SNS-MOTENV1 4.3.2
2023-11-01 21:48:56,088 [INFO] ThirdParty:999 - CMSIS Pack Vendor :STMicroelectronics X-CUBE-ALGOBUILD 1.3.0
2023-11-01 21:48:56,088 [INFO] ThirdParty:999 - CMSIS Pack Vendor :STMicroelectronics FreeRTOS 0.0.1
2023-11-01 21:48:56,088 [INFO] ThirdParty:999 - CMSIS Pack Vendor :STMicroelectronics X-CUBE-AZRTOS-G0 1.1.0
2023-11-01 21:48:56,088 [INFO] ThirdParty:999 - CMSIS Pack Vendor :STMicroelectronics X-CUBE-NFC4 3.0.0
2023-11-01 21:48:56,088 [INFO] ThirdParty:999 - CMSIS Pack Vendor :STMicroelectronics X-CUBE-SUBG2 5.0.0
2023-11-01 21:48:56,089 [INFO] ThirdParty:999 - CMSIS Pack Vendor :STMicroelectronics STM32_WPAN 1.0.0
2023-11-01 21:48:56,089 [INFO] ThirdParty:999 - CMSIS Pack Vendor :STMicroelectronics lwIP 2.0.3
2023-11-01 21:48:56,089 [INFO] ThirdParty:999 - CMSIS Pack Vendor :STMicroelectronics FP-SNS-FLIGHT1 5.0.2
2023-11-01 21:48:56,089 [INFO] ThirdParty:999 - CMSIS Pack Vendor :STMicroelectronics USB_HOST 1.0.0
2023-11-01 21:48:56,089 [INFO] ThirdParty:999 - CMSIS Pack Vendor :STMicroelectronics X-CUBE-TOF1 3.3.1
2023-11-01 21:48:56,089 [INFO] ThirdParty:999 - CMSIS Pack Vendor :STMicroelectronics X-CUBE-AZRTOS-G4 2.0.0
2023-11-01 21:48:56,089 [INFO] ThirdParty:999 - CMSIS Pack Vendor :STMicroelectronics PDM2PCM 3.1.0
2023-11-01 21:48:56,089 [INFO] ThirdParty:999 - CMSIS Pack Vendor :STMicroelectronics X-CUBE-AZRTOS-H7 3.1.0
2023-11-01 21:48:56,089 [INFO] ThirdParty:999 - CMSIS Pack Vendor :Infineon AIROC-Wi-Fi-Bluetooth-STM32 1.5.1
2023-11-01 21:48:56,089 [INFO] ThirdParty:999 - CMSIS Pack Vendor :STMicroelectronics X-CUBE-BLEMGR 3.0.0
2023-11-01 21:48:56,089 [INFO] ThirdParty:999 - CMSIS Pack Vendor :STMicroelectronics PDM2PCM 3.3.0
2023-11-01 21:48:56,089 [INFO] ThirdParty:999 - CMSIS Pack Vendor :STMicroelectronics X-CUBE-DISPLAY 3.0.0
2023-11-01 21:48:56,090 [INFO] ThirdParty:999 - CMSIS Pack Vendor :STMicroelectronics X-CUBE-BLE1 7.0.0
2023-11-01 21:48:56,090 [INFO] ThirdParty:999 - CMSIS Pack Vendor :STMicroelectronics FP-ATR-SIGFOX1 3.2.0
2023-11-01 21:48:56,090 [INFO] ThirdParty:999 - CMSIS Pack Vendor :STMicroelectronics HAL Drivers 0.0.0
2023-11-01 21:48:56,090 [INFO] ThirdParty:999 - CMSIS Pack Vendor :STMicroelectronics MBEDTLS 2.16.2
2023-11-01 21:48:56,090 [INFO] ThirdParty:999 - CMSIS Pack Vendor :emotas I-CUBE-CANOPEN 1.3.0
2023-11-01 21:48:56,090 [INFO] ThirdParty:999 - CMSIS Pack Vendor :STMicroelectronics X-CUBE-MEMS1 10.0.0
2023-11-01 21:48:56,090 [INFO] ThirdParty:999 - CMSIS Pack Vendor :STMicroelectronics X-CUBE-FREERTOS 1.1.0
2023-11-01 21:48:56,090 [INFO] ThirdParty:999 - CMSIS Pack Vendor :STMicroelectronics X-CUBE-NFC7 1.0.1
2023-11-01 21:48:56,090 [INFO] ThirdParty:999 - CMSIS Pack Vendor :STMicroelectronics MBEDTLS 2.14.1
2023-11-01 21:48:56,090 [INFO] ThirdParty:999 - CMSIS Pack Vendor :STMicroelectronics X-CUBE-TOUCHGFX 4.22.1
2023-11-01 21:48:56,090 [INFO] ThirdParty:999 - CMSIS Pack Vendor :STMicroelectronics X-CUBE-NFC6 3.0.0
2023-11-01 21:48:56,090 [INFO] ThirdParty:999 - CMSIS Pack Vendor :portGmbH I-Cube-SoM-uGOAL 1.1.0
2023-11-01 21:48:56,090 [INFO] ThirdParty:999 - CMSIS Pack Vendor :STMicroelectronics X-CUBE-ALS 1.0.1
2023-11-01 21:48:56,090 [INFO] ThirdParty:999 - CMSIS Pack Vendor :STMicroelectronics ThreadX 1.0.0
2023-11-01 21:48:56,090 [INFO] ThirdParty:999 - CMSIS Pack Vendor :STMicroelectronics FP-SNS-SMARTAG2 1.2.0
2023-11-01 21:48:56,090 [INFO] ThirdParty:999 - CMSIS Pack Vendor :STMicroelectronics X-CUBE-AZRTOS-WL 2.0.0
2023-11-01 21:48:56,090 [INFO] ThirdParty:999 - CMSIS Pack Vendor :STMicroelectronics USB_DEVICE 1.0.0
2023-11-01 21:48:56,090 [INFO] ThirdParty:999 - CMSIS Pack Vendor :STMicroelectronics X-CUBE-AI 8.1.0
2023-11-01 21:48:56,090 [INFO] ThirdParty:999 - CMSIS Pack Vendor :STMicroelectronics X-CUBE-AZRTOS-L4 2.0.0
2023-11-01 21:48:56,090 [INFO] ThirdParty:999 - CMSIS Pack Vendor :STMicroelectronics ThreadX 0.0.2
2023-11-01 21:48:56,090 [INFO] ThirdParty:999 - CMSIS Pack Vendor :WES I-CUBE-Cesium 1.3.0
2023-11-01 21:48:56,090 [INFO] ThirdParty:999 - CMSIS Pack Vendor :STMicroelectronics FP-ATR-ASTRA1 2.0.0
2023-11-01 21:48:56,090 [INFO] ThirdParty:999 - CMSIS Pack Vendor :STMicroelectronics lwIP 2.1.2
2023-11-01 21:48:56,090 [INFO] ThirdParty:999 - CMSIS Pack Vendor :STMicroelectronics X-CUBE-SFXS2LP1 4.0.0
2023-11-01 21:48:56,090 [INFO] ThirdParty:999 - CMSIS Pack Vendor :STMicroelectronics X-CUBE-BLE2 3.3.0
2023-11-01 21:48:56,090 [INFO] ThirdParty:999 - CMSIS Pack Vendor :STMicroelectronics PDM2PCM 3.2.0
2023-11-01 21:48:56,090 [INFO] ThirdParty:815 - exiting critical section [change project]
2023-11-01 21:48:56,372 [INFO] PinOutPanel:1477 - setPackage(No Configuration,No Configuration)
2023-11-01 21:48:56,387 [INFO] PinOutPanel:1477 - setPackage(STM32F100R4Tx,LQFP64)
2023-11-01 21:48:56,840 [INFO] UtilMem:74 - Before build in PCC Used Memory: 578459584 Bytes (719323136)
2023-11-01 21:48:57,529 [INFO] UtilMem:74 - After build in PCC Used Memory: 532785824 Bytes (719323136)
2023-11-01 21:48:57,555 [INFO] IPUIPlugin:79 - create IPUIPlugin
2023-11-01 21:48:57,555 [INFO] IPUIPlugin:79 - create IPUIPlugin
2023-11-01 21:48:57,555 [INFO] IPUIPlugin:79 - create IPUIPlugin
2023-11-01 21:48:57,556 [INFO] IPUIPlugin:79 - create IPUIPlugin
2023-11-01 21:48:57,556 [INFO] IPUIPlugin:79 - create IPUIPlugin
2023-11-01 21:48:57,556 [INFO] IPUIPlugin:79 - create IPUIPlugin
2023-11-01 21:48:57,556 [INFO] IPUIPlugin:79 - create IPUIPlugin
2023-11-01 21:48:57,557 [INFO] IPUIPlugin:79 - create IPUIPlugin
2023-11-01 21:48:57,557 [INFO] IPUIPlugin:79 - create IPUIPlugin
2023-11-01 21:48:57,557 [INFO] IPUIPlugin:79 - create IPUIPlugin
2023-11-01 21:48:57,557 [INFO] IPUIPlugin:79 - create IPUIPlugin
2023-11-01 21:48:57,558 [INFO] IPUIPlugin:79 - create IPUIPlugin
2023-11-01 21:48:57,558 [INFO] IPUIPlugin:79 - create IPUIPlugin
2023-11-01 21:48:57,558 [INFO] IPUIPlugin:79 - create IPUIPlugin
2023-11-01 21:48:57,558 [INFO] IPUIPlugin:79 - create IPUIPlugin
2023-11-01 21:48:57,559 [INFO] IPUIPlugin:79 - create IPUIPlugin
2023-11-01 21:48:57,559 [INFO] IPUIPlugin:79 - create IPUIPlugin
2023-11-01 21:48:57,559 [INFO] IPUIPlugin:79 - create IPUIPlugin
2023-11-01 21:48:57,560 [INFO] IPUIPlugin:79 - create IPUIPlugin
2023-11-01 21:48:57,560 [INFO] IPUIPlugin:79 - create IPUIPlugin
2023-11-01 21:48:57,560 [INFO] IPUIPlugin:79 - create IPUIPlugin
2023-11-01 21:48:57,561 [INFO] IPUIPlugin:79 - create IPUIPlugin
2023-11-01 21:48:57,561 [INFO] IPUIPlugin:79 - create IPUIPlugin
2023-11-01 21:48:57,561 [INFO] IPUIPlugin:79 - create IPUIPlugin
2023-11-01 21:48:57,562 [INFO] IPUIPlugin:79 - create IPUIPlugin
2023-11-01 21:48:57,562 [INFO] IPUIPlugin:79 - create IPUIPlugin
2023-11-01 21:48:57,727 [INFO] CADModel:164 - CPN selected for project levelSTM32F100R4T6B
2023-11-01 21:48:57,728 [INFO] CADModel:113 - Register for checkConnection events
2023-11-01 21:48:57,789 [INFO] OpenFileManager:327 - Restore cursor
2023-11-01 21:48:58,610 [INFO] UtilMem:74 - End SaveConfig() Used Memory: 624538272 Bytes (719323136)
2023-11-01 21:48:59,382 [INFO] ServerAccessManage:474 - Download File stm32cube_fw_f1_v180.zip
2023-11-01 21:50:26,088 [ERROR] FileExtend:454 - File entry not found
2023-11-01 21:50:26,089 [INFO] FileExtend:239 - Unzip File : stm32cube_fw_f1_v180.zip
2023-11-01 21:50:26,089 [INFO] FileExtend:254 - Standard Zip Deflate
2023-11-01 21:50:42,820 [INFO] ServerAccessManage:474 - Download File stm32cube_fw_f1_v185.zip
2023-11-01 21:50:59,501 [INFO] FileExtend:239 - Unzip File : stm32cube_fw_f1_v185.zip
2023-11-01 21:50:59,501 [INFO] FileExtend:254 - Standard Zip Deflate
2023-11-01 21:51:08,404 [INFO] LoadServerPackagesThread:190 - End of LoadServerPackages Thread
2023-11-01 21:51:08,629 [INFO] ThirdPartyModel:294 - Start build external matchings
2023-11-01 21:51:08,633 [INFO] UtilMem:74 - End SaveConfig() Used Memory: 570793400 Bytes (1073741824)
2023-11-01 21:51:09,866 [INFO] BlockDiagram:2759 - set Specific Code input for plugin: NVIC
2023-11-01 21:51:09,866 [INFO] BlockDiagram:2759 - set Specific Code input for plugin: RCC
2023-11-01 21:51:09,866 [INFO] CodeGenerator:692 - code generatio: config db path: C:\ST_ARM_IDE\STM32CubeIDE_1.11.2\STM32CubeIDE\plugins\com.st.stm32cube.common.mx_6.7.0.202301130839\\db\
2023-11-01 21:51:10,048 [INFO] ThirdPartyModel:310 - End build external matchings
2023-11-01 21:51:10,068 [INFO] CheckServerUpdateThread:119 - End of CheckServer Thread
2023-11-01 21:51:10,553 [INFO] CodeEngine:247 - oldGeneratedFile, C:\Users\Administrator\Desktop\ITIDA\NTI PROGRAM\NTI_ARM\NTI_ARM_WORKSPACE\PROJECT1\MXTmpFiles\license.tmp_save
2023-11-01 21:51:11,091 [INFO] CodeEngine:271 - Generated code: C:\Users\Administrator\Desktop\ITIDA\NTI PROGRAM\NTI_ARM\NTI_ARM_WORKSPACE\PROJECT1\MXTmpFiles\license.tmp
2023-11-01 21:51:11,106 [INFO] CodeEngine:247 - oldGeneratedFile, C:\Users\Administrator\Desktop\ITIDA\NTI PROGRAM\NTI_ARM\NTI_ARM_WORKSPACE\PROJECT1\Core\Src\stm32f1xx_it.c_save
2023-11-01 21:51:11,372 [INFO] CodeEngine:271 - Generated code: C:\Users\Administrator\Desktop\ITIDA\NTI PROGRAM\NTI_ARM\NTI_ARM_WORKSPACE\PROJECT1\Core\Src\stm32f1xx_it.c
2023-11-01 21:51:11,387 [INFO] CodeEngine:247 - oldGeneratedFile, C:\Users\Administrator\Desktop\ITIDA\NTI PROGRAM\NTI_ARM\NTI_ARM_WORKSPACE\PROJECT1\Core\Inc\stm32f1xx_it.h_save
2023-11-01 21:51:11,528 [INFO] CodeEngine:271 - Generated code: C:\Users\Administrator\Desktop\ITIDA\NTI PROGRAM\NTI_ARM\NTI_ARM_WORKSPACE\PROJECT1\Core\Inc\stm32f1xx_it.h
2023-11-01 21:51:11,625 [INFO] CodeEngine:247 - oldGeneratedFile, C:\Users\Administrator\Desktop\ITIDA\NTI PROGRAM\NTI_ARM\NTI_ARM_WORKSPACE\PROJECT1\Core\Src\stm32f1xx_hal_msp.c_save
2023-11-01 21:51:11,849 [INFO] CodeEngine:271 - Generated code: C:\Users\Administrator\Desktop\ITIDA\NTI PROGRAM\NTI_ARM\NTI_ARM_WORKSPACE\PROJECT1\Core\Src\stm32f1xx_hal_msp.c
2023-11-01 21:51:11,854 [INFO] CodeEngine:247 - oldGeneratedFile, C:\Users\Administrator\Desktop\ITIDA\NTI PROGRAM\NTI_ARM\NTI_ARM_WORKSPACE\PROJECT1\MXTmpFiles\system.tmp_save
2023-11-01 21:51:11,968 [INFO] CodeEngine:271 - Generated code: C:\Users\Administrator\Desktop\ITIDA\NTI PROGRAM\NTI_ARM\NTI_ARM_WORKSPACE\PROJECT1\MXTmpFiles\system.tmp
2023-11-01 21:51:11,980 [INFO] CodeEngine:303 - oldGeneratedFile, C:\Users\Administrator\Desktop\ITIDA\NTI PROGRAM\NTI_ARM\NTI_ARM_WORKSPACE\PROJECT1\Core\Inc\stm32f1xx_hal_conf.h_save
2023-11-01 21:51:12,134 [INFO] CodeEngine:327 - Generated code: C:\Users\Administrator\Desktop\ITIDA\NTI PROGRAM\NTI_ARM\NTI_ARM_WORKSPACE\PROJECT1\Core\Inc\stm32f1xx_hal_conf.h
2023-11-01 21:51:12,187 [INFO] CodeEngine:247 - oldGeneratedFile, C:\Users\Administrator\Desktop\ITIDA\NTI PROGRAM\NTI_ARM\NTI_ARM_WORKSPACE\PROJECT1\Core\Inc\main.h_save
2023-11-01 21:51:12,353 [INFO] CodeEngine:271 - Generated code: C:\Users\Administrator\Desktop\ITIDA\NTI PROGRAM\NTI_ARM\NTI_ARM_WORKSPACE\PROJECT1\Core\Inc\main.h
2023-11-01 21:51:12,358 [INFO] CodeEngine:247 - oldGeneratedFile, C:\Users\Administrator\Desktop\ITIDA\NTI PROGRAM\NTI_ARM\NTI_ARM_WORKSPACE\PROJECT1\Core\Src\main.c_save
2023-11-01 21:51:12,541 [INFO] CodeEngine:271 - Generated code: C:\Users\Administrator\Desktop\ITIDA\NTI PROGRAM\NTI_ARM\NTI_ARM_WORKSPACE\PROJECT1\Core\Src\main.c
2023-11-01 21:51:13,532 [INFO] ProjectBuilder:2919 - Time for Copy HAL[1] : 147mS.
2023-11-01 21:51:13,548 [INFO] ProjectBuilder:4183 - Project Generator version: 3.18.0-B7
2023-11-01 21:51:13,860 [INFO] ConfigFileManager:1396 - The Die is : DIE420
2023-11-01 21:51:13,876 [INFO] ApiDbMcu:505 - Load IP Config File for FATFS
2023-11-01 21:51:13,923 [INFO] ApiDbMcu:505 - Load IP Config File for FREERTOS
2023-11-01 21:51:18,204 [INFO] ProjectBuilder:4351 - Time for Generating toolchain IDE Files: 4656mS.
2023-11-01 21:51:18,204 [INFO] ProjectBuilder:2790 - Time for Copy CMSIS : 0mS.
2023-11-01 21:51:18,204 [INFO] ProjectBuilder:2790 - Time for Copy CMSIS : 0mS.
2023-11-01 21:51:18,622 [INFO] McuFinderGlobals:65 - Set McuFinderConnectedMode to true
2023-11-01 21:51:18,622 [INFO] ApiDb:447 - Save user favorites file C:\Users\Administrator/.stm32cubeide/favorites.mcus.txt: 0 item(s)
2023-11-01 21:51:18,622 [INFO] ApiDb:451 - User favorites MCUs=[]
2023-11-01 21:51:18,622 [INFO] ApiDb:447 - Save user favorites file C:\Users\Administrator/.stm32cubeide/favorites.boards.txt: 0 item(s)
2023-11-01 21:51:18,622 [INFO] ApiDb:451 - User favorites Boards=[]
2023-11-01 21:51:19,044 [ERROR] ConfigurationRetriever:140 - IOException on connection: citools.st.com
2023-11-01 21:51:19,044 [ERROR] ConfigurationRetriever:140 - IOException on connection: citools.st.com
2023-11-01 21:51:19,044 [ERROR] ConfigurationRetriever:140 - IOException on connection: citools.st.com
2023-11-01 22:19:59,715 [ERROR] ConfigurationRetriever:140 - IOException on connection: citools.st.com
2023-11-01 22:19:59,715 [ERROR] ConfigurationRetriever:140 - IOException on connection: citools.st.com
2023-11-01 22:19:59,716 [ERROR] ConfigurationRetriever:140 - IOException on connection: citools.st.com
2023-11-01 22:20:01,719 [INFO] JxBrowserEngine:114 - Initiate JxBrowser Engine with user profile folder
2023-11-01 22:20:07,348 [INFO] WebAppUi:459 - Close the Jxbrowser engine manually
2023-11-01 22:20:07,401 [INFO] WebAppUi:462 - Profiles folder deleted
2023-11-01 22:20:08,191 [ERROR] LogOutputStream:74 - [STDERR_REDIRECT] 
2023-11-01 22:20:47,361 [INFO] Activator:179 - 


2023-11-01 22:20:47,362 [INFO] Activator:180 - !SESSION log4j initialized
2023-11-01 22:20:54,244 [ERROR] ConfigurationRetriever:140 - IOException on connection: citools.st.com
2023-11-01 22:20:54,249 [ERROR] ConfigurationRetriever:140 - IOException on connection: citools.st.com
2023-11-01 22:20:54,252 [ERROR] ConfigurationRetriever:140 - IOException on connection: citools.st.com
2023-11-01 22:20:54,795 [ERROR] LogOutputStream:74 - [STDERR_REDIRECT] Nov 01, 2023 10:20:54 PM org.glassfish.grizzly.http.server.NetworkListener start
2023-11-01 22:20:54,796 [ERROR] LogOutputStream:74 - [STDERR_REDIRECT] INFO: Started listener bound to [localhost:1598]
2023-11-01 22:20:54,797 [ERROR] LogOutputStream:74 - [STDERR_REDIRECT] 
2023-11-01 22:20:54,799 [ERROR] LogOutputStream:74 - [STDERR_REDIRECT] Nov 01, 2023 10:20:54 PM org.glassfish.grizzly.http.server.HttpServer start
2023-11-01 22:20:54,801 [ERROR] LogOutputStream:74 - [STDERR_REDIRECT] INFO: [HttpServer] Started.
2023-11-01 22:20:54,801 [ERROR] LogOutputStream:74 - [STDERR_REDIRECT] 
2023-11-01 22:41:35,041 [ERROR] ConfigurationRetriever:140 - IOException on connection: citools.st.com
2023-11-01 22:41:35,043 [ERROR] ConfigurationRetriever:140 - IOException on connection: citools.st.com
2023-11-01 22:41:35,046 [ERROR] ConfigurationRetriever:140 - IOException on connection: citools.st.com
2023-11-01 23:06:58,571 [ERROR] ConfigurationRetriever:140 - IOException on connection: citools.st.com
2023-11-01 23:06:58,573 [ERROR] ConfigurationRetriever:140 - IOException on connection: citools.st.com
2023-11-01 23:06:58,575 [ERROR] ConfigurationRetriever:140 - IOException on connection: citools.st.com
2023-11-01 23:07:00,681 [ERROR] LogOutputStream:74 - [STDERR_REDIRECT] 
